<?xml version="1.0" encoding="UTF-8"?>
<!-- Generated by org.testng.reporters.JUnitXMLReporter -->
<testsuite hostname="STRINLP030" ignored="1" name="draft" tests="1" failures="0" timestamp="20 Aug 2020 12:01:11 GMT" time="11.285" errors="0">
  <testcase name="To Start PDF Report" time="10.898" classname="com.qmetry.qaf.automation.step.client.DataDrivenScenario"/>
  <testcase name="To Start PDF Report" time="0.0" classname="com.qmetry.qaf.automation.step.client.DataDrivenScenario">
    <ignored/>
  </testcase> <!-- To Start PDF Report -->
</testsuite> <!-- draft -->
