<?xml version="1.0" encoding="UTF-8"?>
<!-- Generated by org.testng.reporters.JUnitXMLReporter -->
<testsuite hostname="STRINLP030" ignored="4" name="Entity" tests="4" failures="0" timestamp="17 Aug 2020 08:08:50 GMT" time="54.96" errors="0">
  <testcase name="Launching Nflows application" time="19.651" classname="com.qmetry.qaf.automation.step.client.DataDrivenScenario"/>
  <testcase name="Login to Nflows" time="7.443" classname="com.qmetry.qaf.automation.step.client.DataDrivenScenario"/>
  <testcase name="Logout of Nflows" time="13.427" classname="com.qmetry.qaf.automation.step.client.DataDrivenScenario"/>
  <testcase name="To Create Test Result file" time="13.087" classname="com.qmetry.qaf.automation.step.client.DataDrivenScenario"/>
  <testcase name="Launching Nflows application" time="0.0" classname="com.qmetry.qaf.automation.step.client.DataDrivenScenario">
    <ignored/>
  </testcase> <!-- Launching Nflows application -->
  <testcase name="Login to Nflows" time="0.0" classname="com.qmetry.qaf.automation.step.client.DataDrivenScenario">
    <ignored/>
  </testcase> <!-- Login to Nflows -->
  <testcase name="Logout of Nflows" time="0.0" classname="com.qmetry.qaf.automation.step.client.DataDrivenScenario">
    <ignored/>
  </testcase> <!-- Logout of Nflows -->
  <testcase name="To Create Test Result file" time="0.0" classname="com.qmetry.qaf.automation.step.client.DataDrivenScenario">
    <ignored/>
  </testcase> <!-- To Create Test Result file -->
</testsuite> <!-- Entity -->
