<?xml version="1.0" encoding="UTF-8"?>
<!-- Generated by org.testng.reporters.JUnitXMLReporter -->
<testsuite hostname="STRINLP030" ignored="3" name="messageMaster" tests="3" failures="0" timestamp="23 Dec 2020 13:13:42 GMT" time="40.878" errors="0">
  <testcase name="Launching Nflows application" time="11.117" classname="com.qmetry.qaf.automation.step.client.DataDrivenScenario"/>
  <testcase name="Login to Nflows" time="4.239" classname="com.qmetry.qaf.automation.step.client.DataDrivenScenario"/>
  <testcase name="Workflow Data Dictionary validation" time="24.601" classname="com.qmetry.qaf.automation.step.client.DataDrivenScenario"/>
  <testcase name="Launching Nflows application" time="0.0" classname="com.qmetry.qaf.automation.step.client.DataDrivenScenario">
    <ignored/>
  </testcase> <!-- Launching Nflows application -->
  <testcase name="Login to Nflows" time="0.0" classname="com.qmetry.qaf.automation.step.client.DataDrivenScenario">
    <ignored/>
  </testcase> <!-- Login to Nflows -->
  <testcase name="Workflow Data Dictionary validation" time="0.0" classname="com.qmetry.qaf.automation.step.client.DataDrivenScenario">
    <ignored/>
  </testcase> <!-- Workflow Data Dictionary validation -->
</testsuite> <!-- messageMaster -->
