<?xml version="1.0" encoding="UTF-8"?>
<!-- Generated by org.testng.reporters.JUnitXMLReporter -->
<testsuite hostname="STRINDP029" ignored="1" name="Nflows" tests="1" failures="0" timestamp="19 Sep 2019 10:58:26 GMT" time="17.822" errors="0">
  <testcase name="Login to Nflows" time="17.509" classname="com.qmetry.qaf.automation.step.client.DataDrivenScenario"/>
  <testcase name="Login to Nflows" time="0.0" classname="com.qmetry.qaf.automation.step.client.DataDrivenScenario">
    <ignored/>
  </testcase> <!-- Login to Nflows -->
</testsuite> <!-- Nflows -->
