<?xml version="1.0" encoding="UTF-8"?>
<!-- Generated by org.testng.reporters.JUnitXMLReporter -->
<testsuite hostname="STRINLP030" ignored="4" name="Regression" tests="3" failures="0" timestamp="20 Aug 2020 12:02:53 GMT" time="29.162" errors="0">
  <testcase name="Launching Nflows application" time="10.121" classname="com.qmetry.qaf.automation.step.client.DataDrivenScenario"/>
  <testcase name="Login to Nflows" time="4.965" classname="com.qmetry.qaf.automation.step.client.DataDrivenScenario"/>
  <testcase name="Logout of Nflows" time="12.165" classname="com.qmetry.qaf.automation.step.client.DataDrivenScenario"/>
  <testcase name="Launching Nflows application" time="0.0" classname="com.qmetry.qaf.automation.step.client.DataDrivenScenario">
    <ignored/>
  </testcase> <!-- Launching Nflows application -->
  <testcase name="Login to Nflows" time="0.0" classname="com.qmetry.qaf.automation.step.client.DataDrivenScenario">
    <ignored/>
  </testcase> <!-- Login to Nflows -->
  <testcase name="To check report execution related functionalities" time="0.0" classname="com.qmetry.qaf.automation.step.client.DataDrivenScenario">
    <ignored/>
  </testcase> <!-- To check report execution related functionalities -->
  <testcase name="Logout of Nflows" time="0.0" classname="com.qmetry.qaf.automation.step.client.DataDrivenScenario">
    <ignored/>
  </testcase> <!-- Logout of Nflows -->
</testsuite> <!-- Regression -->
