<?xml version="1.0" encoding="UTF-8"?>
<!-- Generated by org.testng.reporters.JUnitXMLReporter -->
<testsuite hostname="STRINLP030" ignored="4" name="Roles_Read" tests="4" failures="0" timestamp="14 Sep 2020 05:33:47 GMT" time="35.116" errors="0">
  <testcase name="Launching Nflows application" time="17.401" classname="com.qmetry.qaf.automation.step.client.DataDrivenScenario"/>
  <testcase name="Login to Nflows" time="7.044" classname="com.qmetry.qaf.automation.step.client.DataDrivenScenario"/>
  <testcase name="To Create Test Result file" time="2.889" classname="com.qmetry.qaf.automation.step.client.DataDrivenScenario"/>
  <testcase name="To Start PDF Report" time="6.42" classname="com.qmetry.qaf.automation.step.client.DataDrivenScenario"/>
  <testcase name="Launching Nflows application" time="0.0" classname="com.qmetry.qaf.automation.step.client.DataDrivenScenario">
    <ignored/>
  </testcase> <!-- Launching Nflows application -->
  <testcase name="Login to Nflows" time="0.0" classname="com.qmetry.qaf.automation.step.client.DataDrivenScenario">
    <ignored/>
  </testcase> <!-- Login to Nflows -->
  <testcase name="To Create Test Result file" time="0.0" classname="com.qmetry.qaf.automation.step.client.DataDrivenScenario">
    <ignored/>
  </testcase> <!-- To Create Test Result file -->
  <testcase name="To Start PDF Report" time="0.0" classname="com.qmetry.qaf.automation.step.client.DataDrivenScenario">
    <ignored/>
  </testcase> <!-- To Start PDF Report -->
</testsuite> <!-- Roles_Read -->
