<?xml version="1.0" encoding="UTF-8"?>
<!-- Generated by org.testng.reporters.JUnitXMLReporter -->
<testsuite hostname="STRINLP030" ignored="5" name="Roles" tests="5" failures="0" timestamp="25 Jan 2021 08:13:39 GMT" time="173.63" errors="0">
  <testcase name="Launching Nflows application" time="24.819" classname="com.qmetry.qaf.automation.step.client.DataDrivenScenario"/>
  <testcase name="Login to Nflows" time="8.308" classname="com.qmetry.qaf.automation.step.client.DataDrivenScenario"/>
  <testcase name="Roles - Single Grouping Rule is attached under &#039;Read Access&#039;" time="116.758" classname="com.qmetry.qaf.automation.step.client.DataDrivenScenario"/>
  <testcase name="To Create Test Result file" time="3.791" classname="com.qmetry.qaf.automation.step.client.DataDrivenScenario"/>
  <testcase name="To Start PDF Report" time="15.158" classname="com.qmetry.qaf.automation.step.client.DataDrivenScenario"/>
  <testcase name="Launching Nflows application" time="0.0" classname="com.qmetry.qaf.automation.step.client.DataDrivenScenario">
    <ignored/>
  </testcase> <!-- Launching Nflows application -->
  <testcase name="Login to Nflows" time="0.0" classname="com.qmetry.qaf.automation.step.client.DataDrivenScenario">
    <ignored/>
  </testcase> <!-- Login to Nflows -->
  <testcase name="Roles - Single Grouping Rule is attached under &#039;Read Access&#039;" time="0.0" classname="com.qmetry.qaf.automation.step.client.DataDrivenScenario">
    <ignored/>
  </testcase> <!-- Roles - Single Grouping Rule is attached under 'Read Access' -->
  <testcase name="To Create Test Result file" time="0.0" classname="com.qmetry.qaf.automation.step.client.DataDrivenScenario">
    <ignored/>
  </testcase> <!-- To Create Test Result file -->
  <testcase name="To Start PDF Report" time="0.0" classname="com.qmetry.qaf.automation.step.client.DataDrivenScenario">
    <ignored/>
  </testcase> <!-- To Start PDF Report -->
</testsuite> <!-- Roles -->
