<?xml version="1.0" encoding="UTF-8"?>
<!-- Generated by org.testng.reporters.JUnitXMLReporter -->
<testsuite hostname="STRINLP030" ignored="6" name="Workflow" tests="57" failures="57" timestamp="15 May 2020 06:49:17 GMT" time="4.306" errors="0">
  <testcase name="Launching Nflows application" time="0.476" classname="com.qmetry.qaf.automation.step.client.DataDrivenScenario">
    <failure type="org.openqa.selenium.TimeoutException" message="Timed out after 0 seconds: Unable to create driver instance in 1st attempt with retry timeout of 60 seconds. You can check/set value of &amp;apos;driver.init.retry.timeout&amp;apos; appropriately to set retry timeout on driver initialization failure.">
      <![CDATA[org.openqa.selenium.TimeoutException: Timed out after 0 seconds: Unable to create driver instance in 1st attempt with retry timeout of 60 seconds. You can check/set value of 'driver.init.retry.timeout' appropriately to set retry timeout on driver initialization failure.
	at .Given I launch Nflows application using "${Url_Testing}"(src/main/resources/scenarios/Workflow.feature:7)
	at com.qmetry.qaf.automation.ui.util.DynamicWait.until(DynamicWait.java:170)
	at com.qmetry.qaf.automation.core.QAFTestBase.init(QAFTestBase.java:474)
	at com.qmetry.qaf.automation.core.QAFTestBase.getUiDriver(QAFTestBase.java:254)
	at com.qmetry.qaf.automation.ui.WebDriverTestBase.getDriver(WebDriverTestBase.java:47)
	at com.qmetry.qaf.automation.ui.WebDriverTestBase.getDriver(WebDriverTestBase.java:1)
	at com.qmetry.qaf.automation.ui.AbstractTestPage.<init>(AbstractTestPage.java:84)
	at com.qmetry.qaf.automation.ui.AbstractTestPage.<init>(AbstractTestPage.java:91)
	at com.qmetry.qaf.automation.ui.WebDriverBaseTestPage.<init>(WebDriverBaseTestPage.java:67)
	at com.qmetry.qaf.automation.ui.WebDriverBaseTestPage.<init>(WebDriverBaseTestPage.java:63)
	at com.quantum.steps.NFlowsStepDef.<init>(NFlowsStepDef.java:45)
	at com.qmetry.qaf.automation.step.JavaStep.createInstance(JavaStep.java:314)
	at com.qmetry.qaf.automation.step.JavaStep.getClassInstance(JavaStep.java:279)
	at com.qmetry.qaf.automation.step.JavaStep.getStepProvider(JavaStep.java:180)
	at com.qmetry.qaf.automation.step.JavaStep.doExecute(JavaStep.java:147)
	at com.qmetry.qaf.automation.step.BaseTestStep.execute(BaseTestStep.java:149)
	at com.qmetry.qaf.automation.step.StringTestStep.execute(StringTestStep.java:134)
	at com.qmetry.qaf.automation.step.client.Scenario.execute(Scenario.java:180)
	at com.qmetry.qaf.automation.step.client.DataDrivenScenario.scenario(DataDrivenScenario.java:69)
Caused by: org.openqa.selenium.WebDriverException: Unable to create driver instance in 1st attempt with retry timeout of 60 seconds. You can check/set value of 'driver.init.retry.timeout' appropriately to set retry timeout on driver initialization failure.
Build info: version: '3.141.59', revision: 'e82be7d358', time: '2018-11-14T08:17:03'
System info: host: 'STRINLP030', ip: '10.0.0.23', os.name: 'Windows 10', os.arch: 'amd64', os.version: '10.0', java.version: '1.8.0_66'
Driver info: driver.version: unknown
	at com.qmetry.qaf.automation.core.QAFTestBase$DriverInitExpectedCondition.apply(QAFTestBase.java:568)
	at com.qmetry.qaf.automation.core.QAFTestBase$DriverInitExpectedCondition.apply(QAFTestBase.java:1)
	at com.qmetry.qaf.automation.ui.util.DynamicWait.until(DynamicWait.java:149)
	at com.qmetry.qaf.automation.core.QAFTestBase.init(QAFTestBase.java:474)
	at com.qmetry.qaf.automation.core.QAFTestBase.getUiDriver(QAFTestBase.java:254)
	at com.qmetry.qaf.automation.ui.WebDriverTestBase.getDriver(WebDriverTestBase.java:47)
	at com.qmetry.qaf.automation.ui.WebDriverTestBase.getDriver(WebDriverTestBase.java:1)
	at com.qmetry.qaf.automation.ui.AbstractTestPage.<init>(AbstractTestPage.java:84)
	at com.qmetry.qaf.automation.ui.AbstractTestPage.<init>(AbstractTestPage.java:91)
	at com.qmetry.qaf.automation.ui.WebDriverBaseTestPage.<init>(WebDriverBaseTestPage.java:67)
	at com.qmetry.qaf.automation.ui.WebDriverBaseTestPage.<init>(WebDriverBaseTestPage.java:63)
	at com.quantum.steps.NFlowsStepDef.<init>(NFlowsStepDef.java:45)
	at com.qmetry.qaf.automation.step.JavaStep.createInstance(JavaStep.java:314)
	at com.qmetry.qaf.automation.step.JavaStep.getClassInstance(JavaStep.java:279)
	at com.qmetry.qaf.automation.step.JavaStep.getStepProvider(JavaStep.java:180)
	at com.qmetry.qaf.automation.step.JavaStep.doExecute(JavaStep.java:147)
	at com.qmetry.qaf.automation.step.BaseTestStep.execute(BaseTestStep.java:149)
	at com.qmetry.qaf.automation.step.StringTestStep.execute(StringTestStep.java:134)
	at com.qmetry.qaf.automation.step.client.Scenario.execute(Scenario.java:180)
	at com.qmetry.qaf.automation.step.client.DataDrivenScenario.scenario(DataDrivenScenario.java:69)
Caused by: java.lang.ClassNotFoundException: com.thoughtworks.selenium.CommandProcessor
	at java.net.URLClassLoader.findClass(Unknown Source)
	at java.lang.ClassLoader.loadClass(Unknown Source)
	at sun.misc.Launcher$AppClassLoader.loadClass(Unknown Source)
	at java.lang.ClassLoader.loadClass(Unknown Source)
	at com.qmetry.qaf.automation.ui.UiDriverFactory.get(UiDriverFactory.java:92)
	at com.qmetry.qaf.automation.core.QAFTestBase$DriverInitExpectedCondition.apply(QAFTestBase.java:564)
	... 48 more
... Removed 29 stack frames]]>
    </failure>
  </testcase> <!-- Launching Nflows application -->
  <testcase name="Login to Nflows" time="0.029" classname="com.qmetry.qaf.automation.step.client.DataDrivenScenario">
    <failure type="org.openqa.selenium.TimeoutException" message="Timed out after 0 seconds: Unable to create driver instance in 1st attempt with retry timeout of 60 seconds. You can check/set value of &amp;apos;driver.init.retry.timeout&amp;apos; appropriately to set retry timeout on driver initialization failure.">
      <![CDATA[org.openqa.selenium.TimeoutException: Timed out after 0 seconds: Unable to create driver instance in 1st attempt with retry timeout of 60 seconds. You can check/set value of 'driver.init.retry.timeout' appropriately to set retry timeout on driver initialization failure.
	at .Given I login to Nflows with "${username}" and "${password}" credentials(src/main/resources/scenarios/Workflow.feature:15)
	at com.qmetry.qaf.automation.ui.util.DynamicWait.until(DynamicWait.java:170)
	at com.qmetry.qaf.automation.core.QAFTestBase.init(QAFTestBase.java:474)
	at com.qmetry.qaf.automation.core.QAFTestBase.getUiDriver(QAFTestBase.java:254)
	at com.qmetry.qaf.automation.ui.WebDriverTestBase.getDriver(WebDriverTestBase.java:47)
	at com.qmetry.qaf.automation.ui.WebDriverTestBase.getDriver(WebDriverTestBase.java:1)
	at com.qmetry.qaf.automation.ui.AbstractTestPage.<init>(AbstractTestPage.java:84)
	at com.qmetry.qaf.automation.ui.AbstractTestPage.<init>(AbstractTestPage.java:91)
	at com.qmetry.qaf.automation.ui.WebDriverBaseTestPage.<init>(WebDriverBaseTestPage.java:67)
	at com.qmetry.qaf.automation.ui.WebDriverBaseTestPage.<init>(WebDriverBaseTestPage.java:63)
	at com.quantum.steps.NFlowsStepDef.<init>(NFlowsStepDef.java:45)
	at com.qmetry.qaf.automation.step.JavaStep.createInstance(JavaStep.java:314)
	at com.qmetry.qaf.automation.step.JavaStep.getClassInstance(JavaStep.java:279)
	at com.qmetry.qaf.automation.step.JavaStep.getStepProvider(JavaStep.java:180)
	at com.qmetry.qaf.automation.step.JavaStep.doExecute(JavaStep.java:147)
	at com.qmetry.qaf.automation.step.BaseTestStep.execute(BaseTestStep.java:149)
	at com.qmetry.qaf.automation.step.StringTestStep.execute(StringTestStep.java:134)
	at com.qmetry.qaf.automation.step.client.Scenario.execute(Scenario.java:180)
	at com.qmetry.qaf.automation.step.client.DataDrivenScenario.scenario(DataDrivenScenario.java:69)
Caused by: org.openqa.selenium.WebDriverException: Unable to create driver instance in 1st attempt with retry timeout of 60 seconds. You can check/set value of 'driver.init.retry.timeout' appropriately to set retry timeout on driver initialization failure.
Build info: version: '3.141.59', revision: 'e82be7d358', time: '2018-11-14T08:17:03'
System info: host: 'STRINLP030', ip: '10.0.0.23', os.name: 'Windows 10', os.arch: 'amd64', os.version: '10.0', java.version: '1.8.0_66'
Driver info: driver.version: unknown
	at com.qmetry.qaf.automation.core.QAFTestBase$DriverInitExpectedCondition.apply(QAFTestBase.java:568)
	at com.qmetry.qaf.automation.core.QAFTestBase$DriverInitExpectedCondition.apply(QAFTestBase.java:1)
	at com.qmetry.qaf.automation.ui.util.DynamicWait.until(DynamicWait.java:149)
	at com.qmetry.qaf.automation.core.QAFTestBase.init(QAFTestBase.java:474)
	at com.qmetry.qaf.automation.core.QAFTestBase.getUiDriver(QAFTestBase.java:254)
	at com.qmetry.qaf.automation.ui.WebDriverTestBase.getDriver(WebDriverTestBase.java:47)
	at com.qmetry.qaf.automation.ui.WebDriverTestBase.getDriver(WebDriverTestBase.java:1)
	at com.qmetry.qaf.automation.ui.AbstractTestPage.<init>(AbstractTestPage.java:84)
	at com.qmetry.qaf.automation.ui.AbstractTestPage.<init>(AbstractTestPage.java:91)
	at com.qmetry.qaf.automation.ui.WebDriverBaseTestPage.<init>(WebDriverBaseTestPage.java:67)
	at com.qmetry.qaf.automation.ui.WebDriverBaseTestPage.<init>(WebDriverBaseTestPage.java:63)
	at com.quantum.steps.NFlowsStepDef.<init>(NFlowsStepDef.java:45)
	at com.qmetry.qaf.automation.step.JavaStep.createInstance(JavaStep.java:314)
	at com.qmetry.qaf.automation.step.JavaStep.getClassInstance(JavaStep.java:279)
	at com.qmetry.qaf.automation.step.JavaStep.getStepProvider(JavaStep.java:180)
	at com.qmetry.qaf.automation.step.JavaStep.doExecute(JavaStep.java:147)
	at com.qmetry.qaf.automation.step.BaseTestStep.execute(BaseTestStep.java:149)
	at com.qmetry.qaf.automation.step.StringTestStep.execute(StringTestStep.java:134)
	at com.qmetry.qaf.automation.step.client.Scenario.execute(Scenario.java:180)
	at com.qmetry.qaf.automation.step.client.DataDrivenScenario.scenario(DataDrivenScenario.java:69)
Caused by: java.lang.ClassNotFoundException: com.thoughtworks.selenium.CommandProcessor
	at java.net.URLClassLoader.findClass(Unknown Source)
	at java.lang.ClassLoader.loadClass(Unknown Source)
	at sun.misc.Launcher$AppClassLoader.loadClass(Unknown Source)
	at java.lang.ClassLoader.loadClass(Unknown Source)
	at com.qmetry.qaf.automation.ui.UiDriverFactory.get(UiDriverFactory.java:92)
	at com.qmetry.qaf.automation.core.QAFTestBase$DriverInitExpectedCondition.apply(QAFTestBase.java:564)
	... 48 more
... Removed 29 stack frames]]>
    </failure>
  </testcase> <!-- Login to Nflows -->
  <testcase name="To submit the respective task" time="0.051" classname="com.qmetry.qaf.automation.step.client.DataDrivenScenario">
    <failure type="org.openqa.selenium.TimeoutException" message="Timed out after 0 seconds: Unable to create driver instance in 1st attempt with retry timeout of 60 seconds. You can check/set value of &amp;apos;driver.init.retry.timeout&amp;apos; appropriately to set retry timeout on driver initialization failure.">
      <![CDATA[org.openqa.selenium.TimeoutException: Timed out after 0 seconds: Unable to create driver instance in 1st attempt with retry timeout of 60 seconds. You can check/set value of 'driver.init.retry.timeout' appropriately to set retry timeout on driver initialization failure.
	at .Given I check whether current task belongs to same user with "${username}" and "${password}" credentials(src/main/resources/scenarios/Workflow.feature:44)
	at com.qmetry.qaf.automation.ui.util.DynamicWait.until(DynamicWait.java:170)
	at com.qmetry.qaf.automation.core.QAFTestBase.init(QAFTestBase.java:474)
	at com.qmetry.qaf.automation.core.QAFTestBase.getUiDriver(QAFTestBase.java:254)
	at com.qmetry.qaf.automation.ui.WebDriverTestBase.getDriver(WebDriverTestBase.java:47)
	at com.qmetry.qaf.automation.ui.WebDriverTestBase.getDriver(WebDriverTestBase.java:1)
	at com.qmetry.qaf.automation.ui.AbstractTestPage.<init>(AbstractTestPage.java:84)
	at com.qmetry.qaf.automation.ui.AbstractTestPage.<init>(AbstractTestPage.java:91)
	at com.qmetry.qaf.automation.ui.WebDriverBaseTestPage.<init>(WebDriverBaseTestPage.java:67)
	at com.qmetry.qaf.automation.ui.WebDriverBaseTestPage.<init>(WebDriverBaseTestPage.java:63)
	at com.quantum.steps.NFlowsStepDef.<init>(NFlowsStepDef.java:45)
	at com.qmetry.qaf.automation.step.JavaStep.createInstance(JavaStep.java:314)
	at com.qmetry.qaf.automation.step.JavaStep.getClassInstance(JavaStep.java:279)
	at com.qmetry.qaf.automation.step.JavaStep.getStepProvider(JavaStep.java:180)
	at com.qmetry.qaf.automation.step.JavaStep.doExecute(JavaStep.java:147)
	at com.qmetry.qaf.automation.step.BaseTestStep.execute(BaseTestStep.java:149)
	at com.qmetry.qaf.automation.step.StringTestStep.execute(StringTestStep.java:134)
	at com.qmetry.qaf.automation.step.client.Scenario.execute(Scenario.java:180)
	at com.qmetry.qaf.automation.step.client.DataDrivenScenario.scenario(DataDrivenScenario.java:69)
Caused by: org.openqa.selenium.WebDriverException: Unable to create driver instance in 1st attempt with retry timeout of 60 seconds. You can check/set value of 'driver.init.retry.timeout' appropriately to set retry timeout on driver initialization failure.
Build info: version: '3.141.59', revision: 'e82be7d358', time: '2018-11-14T08:17:03'
System info: host: 'STRINLP030', ip: '10.0.0.23', os.name: 'Windows 10', os.arch: 'amd64', os.version: '10.0', java.version: '1.8.0_66'
Driver info: driver.version: unknown
	at com.qmetry.qaf.automation.core.QAFTestBase$DriverInitExpectedCondition.apply(QAFTestBase.java:568)
	at com.qmetry.qaf.automation.core.QAFTestBase$DriverInitExpectedCondition.apply(QAFTestBase.java:1)
	at com.qmetry.qaf.automation.ui.util.DynamicWait.until(DynamicWait.java:149)
	at com.qmetry.qaf.automation.core.QAFTestBase.init(QAFTestBase.java:474)
	at com.qmetry.qaf.automation.core.QAFTestBase.getUiDriver(QAFTestBase.java:254)
	at com.qmetry.qaf.automation.ui.WebDriverTestBase.getDriver(WebDriverTestBase.java:47)
	at com.qmetry.qaf.automation.ui.WebDriverTestBase.getDriver(WebDriverTestBase.java:1)
	at com.qmetry.qaf.automation.ui.AbstractTestPage.<init>(AbstractTestPage.java:84)
	at com.qmetry.qaf.automation.ui.AbstractTestPage.<init>(AbstractTestPage.java:91)
	at com.qmetry.qaf.automation.ui.WebDriverBaseTestPage.<init>(WebDriverBaseTestPage.java:67)
	at com.qmetry.qaf.automation.ui.WebDriverBaseTestPage.<init>(WebDriverBaseTestPage.java:63)
	at com.quantum.steps.NFlowsStepDef.<init>(NFlowsStepDef.java:45)
	at com.qmetry.qaf.automation.step.JavaStep.createInstance(JavaStep.java:314)
	at com.qmetry.qaf.automation.step.JavaStep.getClassInstance(JavaStep.java:279)
	at com.qmetry.qaf.automation.step.JavaStep.getStepProvider(JavaStep.java:180)
	at com.qmetry.qaf.automation.step.JavaStep.doExecute(JavaStep.java:147)
	at com.qmetry.qaf.automation.step.BaseTestStep.execute(BaseTestStep.java:149)
	at com.qmetry.qaf.automation.step.StringTestStep.execute(StringTestStep.java:134)
	at com.qmetry.qaf.automation.step.client.Scenario.execute(Scenario.java:180)
	at com.qmetry.qaf.automation.step.client.DataDrivenScenario.scenario(DataDrivenScenario.java:69)
Caused by: java.lang.ClassNotFoundException: com.thoughtworks.selenium.CommandProcessor
	at java.net.URLClassLoader.findClass(Unknown Source)
	at java.lang.ClassLoader.loadClass(Unknown Source)
	at sun.misc.Launcher$AppClassLoader.loadClass(Unknown Source)
	at java.lang.ClassLoader.loadClass(Unknown Source)
	at com.qmetry.qaf.automation.ui.UiDriverFactory.get(UiDriverFactory.java:92)
	at com.qmetry.qaf.automation.core.QAFTestBase$DriverInitExpectedCondition.apply(QAFTestBase.java:564)
	... 48 more
... Removed 29 stack frames]]>
    </failure>
  </testcase> <!-- To submit the respective task -->
  <testcase name="To submit the respective task" time="0.048" classname="com.qmetry.qaf.automation.step.client.DataDrivenScenario">
    <failure type="org.openqa.selenium.TimeoutException" message="Timed out after 0 seconds: Unable to create driver instance in 1st attempt with retry timeout of 60 seconds. You can check/set value of &amp;apos;driver.init.retry.timeout&amp;apos; appropriately to set retry timeout on driver initialization failure.">
      <![CDATA[org.openqa.selenium.TimeoutException: Timed out after 0 seconds: Unable to create driver instance in 1st attempt with retry timeout of 60 seconds. You can check/set value of 'driver.init.retry.timeout' appropriately to set retry timeout on driver initialization failure.
	at .Given I check whether current task belongs to same user with "${username}" and "${password}" credentials(src/main/resources/scenarios/Workflow.feature:44)
	at com.qmetry.qaf.automation.ui.util.DynamicWait.until(DynamicWait.java:170)
	at com.qmetry.qaf.automation.core.QAFTestBase.init(QAFTestBase.java:474)
	at com.qmetry.qaf.automation.core.QAFTestBase.getUiDriver(QAFTestBase.java:254)
	at com.qmetry.qaf.automation.ui.WebDriverTestBase.getDriver(WebDriverTestBase.java:47)
	at com.qmetry.qaf.automation.ui.WebDriverTestBase.getDriver(WebDriverTestBase.java:1)
	at com.qmetry.qaf.automation.ui.AbstractTestPage.<init>(AbstractTestPage.java:84)
	at com.qmetry.qaf.automation.ui.AbstractTestPage.<init>(AbstractTestPage.java:91)
	at com.qmetry.qaf.automation.ui.WebDriverBaseTestPage.<init>(WebDriverBaseTestPage.java:67)
	at com.qmetry.qaf.automation.ui.WebDriverBaseTestPage.<init>(WebDriverBaseTestPage.java:63)
	at com.quantum.steps.NFlowsStepDef.<init>(NFlowsStepDef.java:45)
	at com.qmetry.qaf.automation.step.JavaStep.createInstance(JavaStep.java:314)
	at com.qmetry.qaf.automation.step.JavaStep.getClassInstance(JavaStep.java:279)
	at com.qmetry.qaf.automation.step.JavaStep.getStepProvider(JavaStep.java:180)
	at com.qmetry.qaf.automation.step.JavaStep.doExecute(JavaStep.java:147)
	at com.qmetry.qaf.automation.step.BaseTestStep.execute(BaseTestStep.java:149)
	at com.qmetry.qaf.automation.step.StringTestStep.execute(StringTestStep.java:134)
	at com.qmetry.qaf.automation.step.client.Scenario.execute(Scenario.java:180)
	at com.qmetry.qaf.automation.step.client.DataDrivenScenario.scenario(DataDrivenScenario.java:69)
Caused by: org.openqa.selenium.WebDriverException: Unable to create driver instance in 1st attempt with retry timeout of 60 seconds. You can check/set value of 'driver.init.retry.timeout' appropriately to set retry timeout on driver initialization failure.
Build info: version: '3.141.59', revision: 'e82be7d358', time: '2018-11-14T08:17:03'
System info: host: 'STRINLP030', ip: '10.0.0.23', os.name: 'Windows 10', os.arch: 'amd64', os.version: '10.0', java.version: '1.8.0_66'
Driver info: driver.version: unknown
	at com.qmetry.qaf.automation.core.QAFTestBase$DriverInitExpectedCondition.apply(QAFTestBase.java:568)
	at com.qmetry.qaf.automation.core.QAFTestBase$DriverInitExpectedCondition.apply(QAFTestBase.java:1)
	at com.qmetry.qaf.automation.ui.util.DynamicWait.until(DynamicWait.java:149)
	at com.qmetry.qaf.automation.core.QAFTestBase.init(QAFTestBase.java:474)
	at com.qmetry.qaf.automation.core.QAFTestBase.getUiDriver(QAFTestBase.java:254)
	at com.qmetry.qaf.automation.ui.WebDriverTestBase.getDriver(WebDriverTestBase.java:47)
	at com.qmetry.qaf.automation.ui.WebDriverTestBase.getDriver(WebDriverTestBase.java:1)
	at com.qmetry.qaf.automation.ui.AbstractTestPage.<init>(AbstractTestPage.java:84)
	at com.qmetry.qaf.automation.ui.AbstractTestPage.<init>(AbstractTestPage.java:91)
	at com.qmetry.qaf.automation.ui.WebDriverBaseTestPage.<init>(WebDriverBaseTestPage.java:67)
	at com.qmetry.qaf.automation.ui.WebDriverBaseTestPage.<init>(WebDriverBaseTestPage.java:63)
	at com.quantum.steps.NFlowsStepDef.<init>(NFlowsStepDef.java:45)
	at com.qmetry.qaf.automation.step.JavaStep.createInstance(JavaStep.java:314)
	at com.qmetry.qaf.automation.step.JavaStep.getClassInstance(JavaStep.java:279)
	at com.qmetry.qaf.automation.step.JavaStep.getStepProvider(JavaStep.java:180)
	at com.qmetry.qaf.automation.step.JavaStep.doExecute(JavaStep.java:147)
	at com.qmetry.qaf.automation.step.BaseTestStep.execute(BaseTestStep.java:149)
	at com.qmetry.qaf.automation.step.StringTestStep.execute(StringTestStep.java:134)
	at com.qmetry.qaf.automation.step.client.Scenario.execute(Scenario.java:180)
	at com.qmetry.qaf.automation.step.client.DataDrivenScenario.scenario(DataDrivenScenario.java:69)
Caused by: java.lang.ClassNotFoundException: com.thoughtworks.selenium.CommandProcessor
	at java.net.URLClassLoader.findClass(Unknown Source)
	at java.lang.ClassLoader.loadClass(Unknown Source)
	at sun.misc.Launcher$AppClassLoader.loadClass(Unknown Source)
	at java.lang.ClassLoader.loadClass(Unknown Source)
	at com.qmetry.qaf.automation.ui.UiDriverFactory.get(UiDriverFactory.java:92)
	at com.qmetry.qaf.automation.core.QAFTestBase$DriverInitExpectedCondition.apply(QAFTestBase.java:564)
	... 48 more
... Removed 29 stack frames]]>
    </failure>
  </testcase> <!-- To submit the respective task -->
  <testcase name="To submit the respective task" time="0.054" classname="com.qmetry.qaf.automation.step.client.DataDrivenScenario">
    <failure type="org.openqa.selenium.TimeoutException" message="Timed out after 0 seconds: Unable to create driver instance in 1st attempt with retry timeout of 60 seconds. You can check/set value of &amp;apos;driver.init.retry.timeout&amp;apos; appropriately to set retry timeout on driver initialization failure.">
      <![CDATA[org.openqa.selenium.TimeoutException: Timed out after 0 seconds: Unable to create driver instance in 1st attempt with retry timeout of 60 seconds. You can check/set value of 'driver.init.retry.timeout' appropriately to set retry timeout on driver initialization failure.
	at .Given I check whether current task belongs to same user with "${username}" and "${password}" credentials(src/main/resources/scenarios/Workflow.feature:44)
	at com.qmetry.qaf.automation.ui.util.DynamicWait.until(DynamicWait.java:170)
	at com.qmetry.qaf.automation.core.QAFTestBase.init(QAFTestBase.java:474)
	at com.qmetry.qaf.automation.core.QAFTestBase.getUiDriver(QAFTestBase.java:254)
	at com.qmetry.qaf.automation.ui.WebDriverTestBase.getDriver(WebDriverTestBase.java:47)
	at com.qmetry.qaf.automation.ui.WebDriverTestBase.getDriver(WebDriverTestBase.java:1)
	at com.qmetry.qaf.automation.ui.AbstractTestPage.<init>(AbstractTestPage.java:84)
	at com.qmetry.qaf.automation.ui.AbstractTestPage.<init>(AbstractTestPage.java:91)
	at com.qmetry.qaf.automation.ui.WebDriverBaseTestPage.<init>(WebDriverBaseTestPage.java:67)
	at com.qmetry.qaf.automation.ui.WebDriverBaseTestPage.<init>(WebDriverBaseTestPage.java:63)
	at com.quantum.steps.NFlowsStepDef.<init>(NFlowsStepDef.java:45)
	at com.qmetry.qaf.automation.step.JavaStep.createInstance(JavaStep.java:314)
	at com.qmetry.qaf.automation.step.JavaStep.getClassInstance(JavaStep.java:279)
	at com.qmetry.qaf.automation.step.JavaStep.getStepProvider(JavaStep.java:180)
	at com.qmetry.qaf.automation.step.JavaStep.doExecute(JavaStep.java:147)
	at com.qmetry.qaf.automation.step.BaseTestStep.execute(BaseTestStep.java:149)
	at com.qmetry.qaf.automation.step.StringTestStep.execute(StringTestStep.java:134)
	at com.qmetry.qaf.automation.step.client.Scenario.execute(Scenario.java:180)
	at com.qmetry.qaf.automation.step.client.DataDrivenScenario.scenario(DataDrivenScenario.java:69)
Caused by: org.openqa.selenium.WebDriverException: Unable to create driver instance in 1st attempt with retry timeout of 60 seconds. You can check/set value of 'driver.init.retry.timeout' appropriately to set retry timeout on driver initialization failure.
Build info: version: '3.141.59', revision: 'e82be7d358', time: '2018-11-14T08:17:03'
System info: host: 'STRINLP030', ip: '10.0.0.23', os.name: 'Windows 10', os.arch: 'amd64', os.version: '10.0', java.version: '1.8.0_66'
Driver info: driver.version: unknown
	at com.qmetry.qaf.automation.core.QAFTestBase$DriverInitExpectedCondition.apply(QAFTestBase.java:568)
	at com.qmetry.qaf.automation.core.QAFTestBase$DriverInitExpectedCondition.apply(QAFTestBase.java:1)
	at com.qmetry.qaf.automation.ui.util.DynamicWait.until(DynamicWait.java:149)
	at com.qmetry.qaf.automation.core.QAFTestBase.init(QAFTestBase.java:474)
	at com.qmetry.qaf.automation.core.QAFTestBase.getUiDriver(QAFTestBase.java:254)
	at com.qmetry.qaf.automation.ui.WebDriverTestBase.getDriver(WebDriverTestBase.java:47)
	at com.qmetry.qaf.automation.ui.WebDriverTestBase.getDriver(WebDriverTestBase.java:1)
	at com.qmetry.qaf.automation.ui.AbstractTestPage.<init>(AbstractTestPage.java:84)
	at com.qmetry.qaf.automation.ui.AbstractTestPage.<init>(AbstractTestPage.java:91)
	at com.qmetry.qaf.automation.ui.WebDriverBaseTestPage.<init>(WebDriverBaseTestPage.java:67)
	at com.qmetry.qaf.automation.ui.WebDriverBaseTestPage.<init>(WebDriverBaseTestPage.java:63)
	at com.quantum.steps.NFlowsStepDef.<init>(NFlowsStepDef.java:45)
	at com.qmetry.qaf.automation.step.JavaStep.createInstance(JavaStep.java:314)
	at com.qmetry.qaf.automation.step.JavaStep.getClassInstance(JavaStep.java:279)
	at com.qmetry.qaf.automation.step.JavaStep.getStepProvider(JavaStep.java:180)
	at com.qmetry.qaf.automation.step.JavaStep.doExecute(JavaStep.java:147)
	at com.qmetry.qaf.automation.step.BaseTestStep.execute(BaseTestStep.java:149)
	at com.qmetry.qaf.automation.step.StringTestStep.execute(StringTestStep.java:134)
	at com.qmetry.qaf.automation.step.client.Scenario.execute(Scenario.java:180)
	at com.qmetry.qaf.automation.step.client.DataDrivenScenario.scenario(DataDrivenScenario.java:69)
Caused by: java.lang.ClassNotFoundException: com.thoughtworks.selenium.CommandProcessor
	at java.net.URLClassLoader.findClass(Unknown Source)
	at java.lang.ClassLoader.loadClass(Unknown Source)
	at sun.misc.Launcher$AppClassLoader.loadClass(Unknown Source)
	at java.lang.ClassLoader.loadClass(Unknown Source)
	at com.qmetry.qaf.automation.ui.UiDriverFactory.get(UiDriverFactory.java:92)
	at com.qmetry.qaf.automation.core.QAFTestBase$DriverInitExpectedCondition.apply(QAFTestBase.java:564)
	... 48 more
... Removed 29 stack frames]]>
    </failure>
  </testcase> <!-- To submit the respective task -->
  <testcase name="To submit the respective task" time="0.034" classname="com.qmetry.qaf.automation.step.client.DataDrivenScenario">
    <failure type="org.openqa.selenium.TimeoutException" message="Timed out after 0 seconds: Unable to create driver instance in 1st attempt with retry timeout of 60 seconds. You can check/set value of &amp;apos;driver.init.retry.timeout&amp;apos; appropriately to set retry timeout on driver initialization failure.">
      <![CDATA[org.openqa.selenium.TimeoutException: Timed out after 0 seconds: Unable to create driver instance in 1st attempt with retry timeout of 60 seconds. You can check/set value of 'driver.init.retry.timeout' appropriately to set retry timeout on driver initialization failure.
	at .Given I check whether current task belongs to same user with "${username}" and "${password}" credentials(src/main/resources/scenarios/Workflow.feature:44)
	at com.qmetry.qaf.automation.ui.util.DynamicWait.until(DynamicWait.java:170)
	at com.qmetry.qaf.automation.core.QAFTestBase.init(QAFTestBase.java:474)
	at com.qmetry.qaf.automation.core.QAFTestBase.getUiDriver(QAFTestBase.java:254)
	at com.qmetry.qaf.automation.ui.WebDriverTestBase.getDriver(WebDriverTestBase.java:47)
	at com.qmetry.qaf.automation.ui.WebDriverTestBase.getDriver(WebDriverTestBase.java:1)
	at com.qmetry.qaf.automation.ui.AbstractTestPage.<init>(AbstractTestPage.java:84)
	at com.qmetry.qaf.automation.ui.AbstractTestPage.<init>(AbstractTestPage.java:91)
	at com.qmetry.qaf.automation.ui.WebDriverBaseTestPage.<init>(WebDriverBaseTestPage.java:67)
	at com.qmetry.qaf.automation.ui.WebDriverBaseTestPage.<init>(WebDriverBaseTestPage.java:63)
	at com.quantum.steps.NFlowsStepDef.<init>(NFlowsStepDef.java:45)
	at com.qmetry.qaf.automation.step.JavaStep.createInstance(JavaStep.java:314)
	at com.qmetry.qaf.automation.step.JavaStep.getClassInstance(JavaStep.java:279)
	at com.qmetry.qaf.automation.step.JavaStep.getStepProvider(JavaStep.java:180)
	at com.qmetry.qaf.automation.step.JavaStep.doExecute(JavaStep.java:147)
	at com.qmetry.qaf.automation.step.BaseTestStep.execute(BaseTestStep.java:149)
	at com.qmetry.qaf.automation.step.StringTestStep.execute(StringTestStep.java:134)
	at com.qmetry.qaf.automation.step.client.Scenario.execute(Scenario.java:180)
	at com.qmetry.qaf.automation.step.client.DataDrivenScenario.scenario(DataDrivenScenario.java:69)
Caused by: org.openqa.selenium.WebDriverException: Unable to create driver instance in 1st attempt with retry timeout of 60 seconds. You can check/set value of 'driver.init.retry.timeout' appropriately to set retry timeout on driver initialization failure.
Build info: version: '3.141.59', revision: 'e82be7d358', time: '2018-11-14T08:17:03'
System info: host: 'STRINLP030', ip: '10.0.0.23', os.name: 'Windows 10', os.arch: 'amd64', os.version: '10.0', java.version: '1.8.0_66'
Driver info: driver.version: unknown
	at com.qmetry.qaf.automation.core.QAFTestBase$DriverInitExpectedCondition.apply(QAFTestBase.java:568)
	at com.qmetry.qaf.automation.core.QAFTestBase$DriverInitExpectedCondition.apply(QAFTestBase.java:1)
	at com.qmetry.qaf.automation.ui.util.DynamicWait.until(DynamicWait.java:149)
	at com.qmetry.qaf.automation.core.QAFTestBase.init(QAFTestBase.java:474)
	at com.qmetry.qaf.automation.core.QAFTestBase.getUiDriver(QAFTestBase.java:254)
	at com.qmetry.qaf.automation.ui.WebDriverTestBase.getDriver(WebDriverTestBase.java:47)
	at com.qmetry.qaf.automation.ui.WebDriverTestBase.getDriver(WebDriverTestBase.java:1)
	at com.qmetry.qaf.automation.ui.AbstractTestPage.<init>(AbstractTestPage.java:84)
	at com.qmetry.qaf.automation.ui.AbstractTestPage.<init>(AbstractTestPage.java:91)
	at com.qmetry.qaf.automation.ui.WebDriverBaseTestPage.<init>(WebDriverBaseTestPage.java:67)
	at com.qmetry.qaf.automation.ui.WebDriverBaseTestPage.<init>(WebDriverBaseTestPage.java:63)
	at com.quantum.steps.NFlowsStepDef.<init>(NFlowsStepDef.java:45)
	at com.qmetry.qaf.automation.step.JavaStep.createInstance(JavaStep.java:314)
	at com.qmetry.qaf.automation.step.JavaStep.getClassInstance(JavaStep.java:279)
	at com.qmetry.qaf.automation.step.JavaStep.getStepProvider(JavaStep.java:180)
	at com.qmetry.qaf.automation.step.JavaStep.doExecute(JavaStep.java:147)
	at com.qmetry.qaf.automation.step.BaseTestStep.execute(BaseTestStep.java:149)
	at com.qmetry.qaf.automation.step.StringTestStep.execute(StringTestStep.java:134)
	at com.qmetry.qaf.automation.step.client.Scenario.execute(Scenario.java:180)
	at com.qmetry.qaf.automation.step.client.DataDrivenScenario.scenario(DataDrivenScenario.java:69)
Caused by: java.lang.ClassNotFoundException: com.thoughtworks.selenium.CommandProcessor
	at java.net.URLClassLoader.findClass(Unknown Source)
	at java.lang.ClassLoader.loadClass(Unknown Source)
	at sun.misc.Launcher$AppClassLoader.loadClass(Unknown Source)
	at java.lang.ClassLoader.loadClass(Unknown Source)
	at com.qmetry.qaf.automation.ui.UiDriverFactory.get(UiDriverFactory.java:92)
	at com.qmetry.qaf.automation.core.QAFTestBase$DriverInitExpectedCondition.apply(QAFTestBase.java:564)
	... 48 more
... Removed 29 stack frames]]>
    </failure>
  </testcase> <!-- To submit the respective task -->
  <testcase name="To submit the respective task" time="0.04" classname="com.qmetry.qaf.automation.step.client.DataDrivenScenario">
    <failure type="org.openqa.selenium.TimeoutException" message="Timed out after 0 seconds: Unable to create driver instance in 1st attempt with retry timeout of 60 seconds. You can check/set value of &amp;apos;driver.init.retry.timeout&amp;apos; appropriately to set retry timeout on driver initialization failure.">
      <![CDATA[org.openqa.selenium.TimeoutException: Timed out after 0 seconds: Unable to create driver instance in 1st attempt with retry timeout of 60 seconds. You can check/set value of 'driver.init.retry.timeout' appropriately to set retry timeout on driver initialization failure.
	at .Given I check whether current task belongs to same user with "${username}" and "${password}" credentials(src/main/resources/scenarios/Workflow.feature:44)
	at com.qmetry.qaf.automation.ui.util.DynamicWait.until(DynamicWait.java:170)
	at com.qmetry.qaf.automation.core.QAFTestBase.init(QAFTestBase.java:474)
	at com.qmetry.qaf.automation.core.QAFTestBase.getUiDriver(QAFTestBase.java:254)
	at com.qmetry.qaf.automation.ui.WebDriverTestBase.getDriver(WebDriverTestBase.java:47)
	at com.qmetry.qaf.automation.ui.WebDriverTestBase.getDriver(WebDriverTestBase.java:1)
	at com.qmetry.qaf.automation.ui.AbstractTestPage.<init>(AbstractTestPage.java:84)
	at com.qmetry.qaf.automation.ui.AbstractTestPage.<init>(AbstractTestPage.java:91)
	at com.qmetry.qaf.automation.ui.WebDriverBaseTestPage.<init>(WebDriverBaseTestPage.java:67)
	at com.qmetry.qaf.automation.ui.WebDriverBaseTestPage.<init>(WebDriverBaseTestPage.java:63)
	at com.quantum.steps.NFlowsStepDef.<init>(NFlowsStepDef.java:45)
	at com.qmetry.qaf.automation.step.JavaStep.createInstance(JavaStep.java:314)
	at com.qmetry.qaf.automation.step.JavaStep.getClassInstance(JavaStep.java:279)
	at com.qmetry.qaf.automation.step.JavaStep.getStepProvider(JavaStep.java:180)
	at com.qmetry.qaf.automation.step.JavaStep.doExecute(JavaStep.java:147)
	at com.qmetry.qaf.automation.step.BaseTestStep.execute(BaseTestStep.java:149)
	at com.qmetry.qaf.automation.step.StringTestStep.execute(StringTestStep.java:134)
	at com.qmetry.qaf.automation.step.client.Scenario.execute(Scenario.java:180)
	at com.qmetry.qaf.automation.step.client.DataDrivenScenario.scenario(DataDrivenScenario.java:69)
Caused by: org.openqa.selenium.WebDriverException: Unable to create driver instance in 1st attempt with retry timeout of 60 seconds. You can check/set value of 'driver.init.retry.timeout' appropriately to set retry timeout on driver initialization failure.
Build info: version: '3.141.59', revision: 'e82be7d358', time: '2018-11-14T08:17:03'
System info: host: 'STRINLP030', ip: '10.0.0.23', os.name: 'Windows 10', os.arch: 'amd64', os.version: '10.0', java.version: '1.8.0_66'
Driver info: driver.version: unknown
	at com.qmetry.qaf.automation.core.QAFTestBase$DriverInitExpectedCondition.apply(QAFTestBase.java:568)
	at com.qmetry.qaf.automation.core.QAFTestBase$DriverInitExpectedCondition.apply(QAFTestBase.java:1)
	at com.qmetry.qaf.automation.ui.util.DynamicWait.until(DynamicWait.java:149)
	at com.qmetry.qaf.automation.core.QAFTestBase.init(QAFTestBase.java:474)
	at com.qmetry.qaf.automation.core.QAFTestBase.getUiDriver(QAFTestBase.java:254)
	at com.qmetry.qaf.automation.ui.WebDriverTestBase.getDriver(WebDriverTestBase.java:47)
	at com.qmetry.qaf.automation.ui.WebDriverTestBase.getDriver(WebDriverTestBase.java:1)
	at com.qmetry.qaf.automation.ui.AbstractTestPage.<init>(AbstractTestPage.java:84)
	at com.qmetry.qaf.automation.ui.AbstractTestPage.<init>(AbstractTestPage.java:91)
	at com.qmetry.qaf.automation.ui.WebDriverBaseTestPage.<init>(WebDriverBaseTestPage.java:67)
	at com.qmetry.qaf.automation.ui.WebDriverBaseTestPage.<init>(WebDriverBaseTestPage.java:63)
	at com.quantum.steps.NFlowsStepDef.<init>(NFlowsStepDef.java:45)
	at com.qmetry.qaf.automation.step.JavaStep.createInstance(JavaStep.java:314)
	at com.qmetry.qaf.automation.step.JavaStep.getClassInstance(JavaStep.java:279)
	at com.qmetry.qaf.automation.step.JavaStep.getStepProvider(JavaStep.java:180)
	at com.qmetry.qaf.automation.step.JavaStep.doExecute(JavaStep.java:147)
	at com.qmetry.qaf.automation.step.BaseTestStep.execute(BaseTestStep.java:149)
	at com.qmetry.qaf.automation.step.StringTestStep.execute(StringTestStep.java:134)
	at com.qmetry.qaf.automation.step.client.Scenario.execute(Scenario.java:180)
	at com.qmetry.qaf.automation.step.client.DataDrivenScenario.scenario(DataDrivenScenario.java:69)
Caused by: java.lang.ClassNotFoundException: com.thoughtworks.selenium.CommandProcessor
	at java.net.URLClassLoader.findClass(Unknown Source)
	at java.lang.ClassLoader.loadClass(Unknown Source)
	at sun.misc.Launcher$AppClassLoader.loadClass(Unknown Source)
	at java.lang.ClassLoader.loadClass(Unknown Source)
	at com.qmetry.qaf.automation.ui.UiDriverFactory.get(UiDriverFactory.java:92)
	at com.qmetry.qaf.automation.core.QAFTestBase$DriverInitExpectedCondition.apply(QAFTestBase.java:564)
	... 48 more
... Removed 29 stack frames]]>
    </failure>
  </testcase> <!-- To submit the respective task -->
  <testcase name="To submit the respective task" time="0.036" classname="com.qmetry.qaf.automation.step.client.DataDrivenScenario">
    <failure type="org.openqa.selenium.TimeoutException" message="Timed out after 0 seconds: Unable to create driver instance in 1st attempt with retry timeout of 60 seconds. You can check/set value of &amp;apos;driver.init.retry.timeout&amp;apos; appropriately to set retry timeout on driver initialization failure.">
      <![CDATA[org.openqa.selenium.TimeoutException: Timed out after 0 seconds: Unable to create driver instance in 1st attempt with retry timeout of 60 seconds. You can check/set value of 'driver.init.retry.timeout' appropriately to set retry timeout on driver initialization failure.
	at .Given I check whether current task belongs to same user with "${username}" and "${password}" credentials(src/main/resources/scenarios/Workflow.feature:44)
	at com.qmetry.qaf.automation.ui.util.DynamicWait.until(DynamicWait.java:170)
	at com.qmetry.qaf.automation.core.QAFTestBase.init(QAFTestBase.java:474)
	at com.qmetry.qaf.automation.core.QAFTestBase.getUiDriver(QAFTestBase.java:254)
	at com.qmetry.qaf.automation.ui.WebDriverTestBase.getDriver(WebDriverTestBase.java:47)
	at com.qmetry.qaf.automation.ui.WebDriverTestBase.getDriver(WebDriverTestBase.java:1)
	at com.qmetry.qaf.automation.ui.AbstractTestPage.<init>(AbstractTestPage.java:84)
	at com.qmetry.qaf.automation.ui.AbstractTestPage.<init>(AbstractTestPage.java:91)
	at com.qmetry.qaf.automation.ui.WebDriverBaseTestPage.<init>(WebDriverBaseTestPage.java:67)
	at com.qmetry.qaf.automation.ui.WebDriverBaseTestPage.<init>(WebDriverBaseTestPage.java:63)
	at com.quantum.steps.NFlowsStepDef.<init>(NFlowsStepDef.java:45)
	at com.qmetry.qaf.automation.step.JavaStep.createInstance(JavaStep.java:314)
	at com.qmetry.qaf.automation.step.JavaStep.getClassInstance(JavaStep.java:279)
	at com.qmetry.qaf.automation.step.JavaStep.getStepProvider(JavaStep.java:180)
	at com.qmetry.qaf.automation.step.JavaStep.doExecute(JavaStep.java:147)
	at com.qmetry.qaf.automation.step.BaseTestStep.execute(BaseTestStep.java:149)
	at com.qmetry.qaf.automation.step.StringTestStep.execute(StringTestStep.java:134)
	at com.qmetry.qaf.automation.step.client.Scenario.execute(Scenario.java:180)
	at com.qmetry.qaf.automation.step.client.DataDrivenScenario.scenario(DataDrivenScenario.java:69)
Caused by: org.openqa.selenium.WebDriverException: Unable to create driver instance in 1st attempt with retry timeout of 60 seconds. You can check/set value of 'driver.init.retry.timeout' appropriately to set retry timeout on driver initialization failure.
Build info: version: '3.141.59', revision: 'e82be7d358', time: '2018-11-14T08:17:03'
System info: host: 'STRINLP030', ip: '10.0.0.23', os.name: 'Windows 10', os.arch: 'amd64', os.version: '10.0', java.version: '1.8.0_66'
Driver info: driver.version: unknown
	at com.qmetry.qaf.automation.core.QAFTestBase$DriverInitExpectedCondition.apply(QAFTestBase.java:568)
	at com.qmetry.qaf.automation.core.QAFTestBase$DriverInitExpectedCondition.apply(QAFTestBase.java:1)
	at com.qmetry.qaf.automation.ui.util.DynamicWait.until(DynamicWait.java:149)
	at com.qmetry.qaf.automation.core.QAFTestBase.init(QAFTestBase.java:474)
	at com.qmetry.qaf.automation.core.QAFTestBase.getUiDriver(QAFTestBase.java:254)
	at com.qmetry.qaf.automation.ui.WebDriverTestBase.getDriver(WebDriverTestBase.java:47)
	at com.qmetry.qaf.automation.ui.WebDriverTestBase.getDriver(WebDriverTestBase.java:1)
	at com.qmetry.qaf.automation.ui.AbstractTestPage.<init>(AbstractTestPage.java:84)
	at com.qmetry.qaf.automation.ui.AbstractTestPage.<init>(AbstractTestPage.java:91)
	at com.qmetry.qaf.automation.ui.WebDriverBaseTestPage.<init>(WebDriverBaseTestPage.java:67)
	at com.qmetry.qaf.automation.ui.WebDriverBaseTestPage.<init>(WebDriverBaseTestPage.java:63)
	at com.quantum.steps.NFlowsStepDef.<init>(NFlowsStepDef.java:45)
	at com.qmetry.qaf.automation.step.JavaStep.createInstance(JavaStep.java:314)
	at com.qmetry.qaf.automation.step.JavaStep.getClassInstance(JavaStep.java:279)
	at com.qmetry.qaf.automation.step.JavaStep.getStepProvider(JavaStep.java:180)
	at com.qmetry.qaf.automation.step.JavaStep.doExecute(JavaStep.java:147)
	at com.qmetry.qaf.automation.step.BaseTestStep.execute(BaseTestStep.java:149)
	at com.qmetry.qaf.automation.step.StringTestStep.execute(StringTestStep.java:134)
	at com.qmetry.qaf.automation.step.client.Scenario.execute(Scenario.java:180)
	at com.qmetry.qaf.automation.step.client.DataDrivenScenario.scenario(DataDrivenScenario.java:69)
Caused by: java.lang.ClassNotFoundException: com.thoughtworks.selenium.CommandProcessor
	at java.net.URLClassLoader.findClass(Unknown Source)
	at java.lang.ClassLoader.loadClass(Unknown Source)
	at sun.misc.Launcher$AppClassLoader.loadClass(Unknown Source)
	at java.lang.ClassLoader.loadClass(Unknown Source)
	at com.qmetry.qaf.automation.ui.UiDriverFactory.get(UiDriverFactory.java:92)
	at com.qmetry.qaf.automation.core.QAFTestBase$DriverInitExpectedCondition.apply(QAFTestBase.java:564)
	... 48 more
... Removed 29 stack frames]]>
    </failure>
  </testcase> <!-- To submit the respective task -->
  <testcase name="To submit the respective task" time="0.027" classname="com.qmetry.qaf.automation.step.client.DataDrivenScenario">
    <failure type="org.openqa.selenium.TimeoutException" message="Timed out after 0 seconds: Unable to create driver instance in 1st attempt with retry timeout of 60 seconds. You can check/set value of &amp;apos;driver.init.retry.timeout&amp;apos; appropriately to set retry timeout on driver initialization failure.">
      <![CDATA[org.openqa.selenium.TimeoutException: Timed out after 0 seconds: Unable to create driver instance in 1st attempt with retry timeout of 60 seconds. You can check/set value of 'driver.init.retry.timeout' appropriately to set retry timeout on driver initialization failure.
	at .Given I check whether current task belongs to same user with "${username}" and "${password}" credentials(src/main/resources/scenarios/Workflow.feature:44)
	at com.qmetry.qaf.automation.ui.util.DynamicWait.until(DynamicWait.java:170)
	at com.qmetry.qaf.automation.core.QAFTestBase.init(QAFTestBase.java:474)
	at com.qmetry.qaf.automation.core.QAFTestBase.getUiDriver(QAFTestBase.java:254)
	at com.qmetry.qaf.automation.ui.WebDriverTestBase.getDriver(WebDriverTestBase.java:47)
	at com.qmetry.qaf.automation.ui.WebDriverTestBase.getDriver(WebDriverTestBase.java:1)
	at com.qmetry.qaf.automation.ui.AbstractTestPage.<init>(AbstractTestPage.java:84)
	at com.qmetry.qaf.automation.ui.AbstractTestPage.<init>(AbstractTestPage.java:91)
	at com.qmetry.qaf.automation.ui.WebDriverBaseTestPage.<init>(WebDriverBaseTestPage.java:67)
	at com.qmetry.qaf.automation.ui.WebDriverBaseTestPage.<init>(WebDriverBaseTestPage.java:63)
	at com.quantum.steps.NFlowsStepDef.<init>(NFlowsStepDef.java:45)
	at com.qmetry.qaf.automation.step.JavaStep.createInstance(JavaStep.java:314)
	at com.qmetry.qaf.automation.step.JavaStep.getClassInstance(JavaStep.java:279)
	at com.qmetry.qaf.automation.step.JavaStep.getStepProvider(JavaStep.java:180)
	at com.qmetry.qaf.automation.step.JavaStep.doExecute(JavaStep.java:147)
	at com.qmetry.qaf.automation.step.BaseTestStep.execute(BaseTestStep.java:149)
	at com.qmetry.qaf.automation.step.StringTestStep.execute(StringTestStep.java:134)
	at com.qmetry.qaf.automation.step.client.Scenario.execute(Scenario.java:180)
	at com.qmetry.qaf.automation.step.client.DataDrivenScenario.scenario(DataDrivenScenario.java:69)
Caused by: org.openqa.selenium.WebDriverException: Unable to create driver instance in 1st attempt with retry timeout of 60 seconds. You can check/set value of 'driver.init.retry.timeout' appropriately to set retry timeout on driver initialization failure.
Build info: version: '3.141.59', revision: 'e82be7d358', time: '2018-11-14T08:17:03'
System info: host: 'STRINLP030', ip: '10.0.0.23', os.name: 'Windows 10', os.arch: 'amd64', os.version: '10.0', java.version: '1.8.0_66'
Driver info: driver.version: unknown
	at com.qmetry.qaf.automation.core.QAFTestBase$DriverInitExpectedCondition.apply(QAFTestBase.java:568)
	at com.qmetry.qaf.automation.core.QAFTestBase$DriverInitExpectedCondition.apply(QAFTestBase.java:1)
	at com.qmetry.qaf.automation.ui.util.DynamicWait.until(DynamicWait.java:149)
	at com.qmetry.qaf.automation.core.QAFTestBase.init(QAFTestBase.java:474)
	at com.qmetry.qaf.automation.core.QAFTestBase.getUiDriver(QAFTestBase.java:254)
	at com.qmetry.qaf.automation.ui.WebDriverTestBase.getDriver(WebDriverTestBase.java:47)
	at com.qmetry.qaf.automation.ui.WebDriverTestBase.getDriver(WebDriverTestBase.java:1)
	at com.qmetry.qaf.automation.ui.AbstractTestPage.<init>(AbstractTestPage.java:84)
	at com.qmetry.qaf.automation.ui.AbstractTestPage.<init>(AbstractTestPage.java:91)
	at com.qmetry.qaf.automation.ui.WebDriverBaseTestPage.<init>(WebDriverBaseTestPage.java:67)
	at com.qmetry.qaf.automation.ui.WebDriverBaseTestPage.<init>(WebDriverBaseTestPage.java:63)
	at com.quantum.steps.NFlowsStepDef.<init>(NFlowsStepDef.java:45)
	at com.qmetry.qaf.automation.step.JavaStep.createInstance(JavaStep.java:314)
	at com.qmetry.qaf.automation.step.JavaStep.getClassInstance(JavaStep.java:279)
	at com.qmetry.qaf.automation.step.JavaStep.getStepProvider(JavaStep.java:180)
	at com.qmetry.qaf.automation.step.JavaStep.doExecute(JavaStep.java:147)
	at com.qmetry.qaf.automation.step.BaseTestStep.execute(BaseTestStep.java:149)
	at com.qmetry.qaf.automation.step.StringTestStep.execute(StringTestStep.java:134)
	at com.qmetry.qaf.automation.step.client.Scenario.execute(Scenario.java:180)
	at com.qmetry.qaf.automation.step.client.DataDrivenScenario.scenario(DataDrivenScenario.java:69)
Caused by: java.lang.ClassNotFoundException: com.thoughtworks.selenium.CommandProcessor
	at java.net.URLClassLoader.findClass(Unknown Source)
	at java.lang.ClassLoader.loadClass(Unknown Source)
	at sun.misc.Launcher$AppClassLoader.loadClass(Unknown Source)
	at java.lang.ClassLoader.loadClass(Unknown Source)
	at com.qmetry.qaf.automation.ui.UiDriverFactory.get(UiDriverFactory.java:92)
	at com.qmetry.qaf.automation.core.QAFTestBase$DriverInitExpectedCondition.apply(QAFTestBase.java:564)
	... 48 more
... Removed 29 stack frames]]>
    </failure>
  </testcase> <!-- To submit the respective task -->
  <testcase name="To submit the respective task" time="0.113" classname="com.qmetry.qaf.automation.step.client.DataDrivenScenario">
    <failure type="org.openqa.selenium.TimeoutException" message="Timed out after 0 seconds: Unable to create driver instance in 1st attempt with retry timeout of 60 seconds. You can check/set value of &amp;apos;driver.init.retry.timeout&amp;apos; appropriately to set retry timeout on driver initialization failure.">
      <![CDATA[org.openqa.selenium.TimeoutException: Timed out after 0 seconds: Unable to create driver instance in 1st attempt with retry timeout of 60 seconds. You can check/set value of 'driver.init.retry.timeout' appropriately to set retry timeout on driver initialization failure.
	at .Given I check whether current task belongs to same user with "${username}" and "${password}" credentials(src/main/resources/scenarios/Workflow.feature:44)
	at com.qmetry.qaf.automation.ui.util.DynamicWait.until(DynamicWait.java:170)
	at com.qmetry.qaf.automation.core.QAFTestBase.init(QAFTestBase.java:474)
	at com.qmetry.qaf.automation.core.QAFTestBase.getUiDriver(QAFTestBase.java:254)
	at com.qmetry.qaf.automation.ui.WebDriverTestBase.getDriver(WebDriverTestBase.java:47)
	at com.qmetry.qaf.automation.ui.WebDriverTestBase.getDriver(WebDriverTestBase.java:1)
	at com.qmetry.qaf.automation.ui.AbstractTestPage.<init>(AbstractTestPage.java:84)
	at com.qmetry.qaf.automation.ui.AbstractTestPage.<init>(AbstractTestPage.java:91)
	at com.qmetry.qaf.automation.ui.WebDriverBaseTestPage.<init>(WebDriverBaseTestPage.java:67)
	at com.qmetry.qaf.automation.ui.WebDriverBaseTestPage.<init>(WebDriverBaseTestPage.java:63)
	at com.quantum.steps.NFlowsStepDef.<init>(NFlowsStepDef.java:45)
	at com.qmetry.qaf.automation.step.JavaStep.createInstance(JavaStep.java:314)
	at com.qmetry.qaf.automation.step.JavaStep.getClassInstance(JavaStep.java:279)
	at com.qmetry.qaf.automation.step.JavaStep.getStepProvider(JavaStep.java:180)
	at com.qmetry.qaf.automation.step.JavaStep.doExecute(JavaStep.java:147)
	at com.qmetry.qaf.automation.step.BaseTestStep.execute(BaseTestStep.java:149)
	at com.qmetry.qaf.automation.step.StringTestStep.execute(StringTestStep.java:134)
	at com.qmetry.qaf.automation.step.client.Scenario.execute(Scenario.java:180)
	at com.qmetry.qaf.automation.step.client.DataDrivenScenario.scenario(DataDrivenScenario.java:69)
Caused by: org.openqa.selenium.WebDriverException: Unable to create driver instance in 1st attempt with retry timeout of 60 seconds. You can check/set value of 'driver.init.retry.timeout' appropriately to set retry timeout on driver initialization failure.
Build info: version: '3.141.59', revision: 'e82be7d358', time: '2018-11-14T08:17:03'
System info: host: 'STRINLP030', ip: '10.0.0.23', os.name: 'Windows 10', os.arch: 'amd64', os.version: '10.0', java.version: '1.8.0_66'
Driver info: driver.version: unknown
	at com.qmetry.qaf.automation.core.QAFTestBase$DriverInitExpectedCondition.apply(QAFTestBase.java:568)
	at com.qmetry.qaf.automation.core.QAFTestBase$DriverInitExpectedCondition.apply(QAFTestBase.java:1)
	at com.qmetry.qaf.automation.ui.util.DynamicWait.until(DynamicWait.java:149)
	at com.qmetry.qaf.automation.core.QAFTestBase.init(QAFTestBase.java:474)
	at com.qmetry.qaf.automation.core.QAFTestBase.getUiDriver(QAFTestBase.java:254)
	at com.qmetry.qaf.automation.ui.WebDriverTestBase.getDriver(WebDriverTestBase.java:47)
	at com.qmetry.qaf.automation.ui.WebDriverTestBase.getDriver(WebDriverTestBase.java:1)
	at com.qmetry.qaf.automation.ui.AbstractTestPage.<init>(AbstractTestPage.java:84)
	at com.qmetry.qaf.automation.ui.AbstractTestPage.<init>(AbstractTestPage.java:91)
	at com.qmetry.qaf.automation.ui.WebDriverBaseTestPage.<init>(WebDriverBaseTestPage.java:67)
	at com.qmetry.qaf.automation.ui.WebDriverBaseTestPage.<init>(WebDriverBaseTestPage.java:63)
	at com.quantum.steps.NFlowsStepDef.<init>(NFlowsStepDef.java:45)
	at com.qmetry.qaf.automation.step.JavaStep.createInstance(JavaStep.java:314)
	at com.qmetry.qaf.automation.step.JavaStep.getClassInstance(JavaStep.java:279)
	at com.qmetry.qaf.automation.step.JavaStep.getStepProvider(JavaStep.java:180)
	at com.qmetry.qaf.automation.step.JavaStep.doExecute(JavaStep.java:147)
	at com.qmetry.qaf.automation.step.BaseTestStep.execute(BaseTestStep.java:149)
	at com.qmetry.qaf.automation.step.StringTestStep.execute(StringTestStep.java:134)
	at com.qmetry.qaf.automation.step.client.Scenario.execute(Scenario.java:180)
	at com.qmetry.qaf.automation.step.client.DataDrivenScenario.scenario(DataDrivenScenario.java:69)
Caused by: java.lang.ClassNotFoundException: com.thoughtworks.selenium.CommandProcessor
	at java.net.URLClassLoader.findClass(Unknown Source)
	at java.lang.ClassLoader.loadClass(Unknown Source)
	at sun.misc.Launcher$AppClassLoader.loadClass(Unknown Source)
	at java.lang.ClassLoader.loadClass(Unknown Source)
	at com.qmetry.qaf.automation.ui.UiDriverFactory.get(UiDriverFactory.java:92)
	at com.qmetry.qaf.automation.core.QAFTestBase$DriverInitExpectedCondition.apply(QAFTestBase.java:564)
	... 48 more
... Removed 29 stack frames]]>
    </failure>
  </testcase> <!-- To submit the respective task -->
  <testcase name="To submit the respective task" time="0.044" classname="com.qmetry.qaf.automation.step.client.DataDrivenScenario">
    <failure type="org.openqa.selenium.TimeoutException" message="Timed out after 0 seconds: Unable to create driver instance in 1st attempt with retry timeout of 60 seconds. You can check/set value of &amp;apos;driver.init.retry.timeout&amp;apos; appropriately to set retry timeout on driver initialization failure.">
      <![CDATA[org.openqa.selenium.TimeoutException: Timed out after 0 seconds: Unable to create driver instance in 1st attempt with retry timeout of 60 seconds. You can check/set value of 'driver.init.retry.timeout' appropriately to set retry timeout on driver initialization failure.
	at .Given I check whether current task belongs to same user with "${username}" and "${password}" credentials(src/main/resources/scenarios/Workflow.feature:44)
	at com.qmetry.qaf.automation.ui.util.DynamicWait.until(DynamicWait.java:170)
	at com.qmetry.qaf.automation.core.QAFTestBase.init(QAFTestBase.java:474)
	at com.qmetry.qaf.automation.core.QAFTestBase.getUiDriver(QAFTestBase.java:254)
	at com.qmetry.qaf.automation.ui.WebDriverTestBase.getDriver(WebDriverTestBase.java:47)
	at com.qmetry.qaf.automation.ui.WebDriverTestBase.getDriver(WebDriverTestBase.java:1)
	at com.qmetry.qaf.automation.ui.AbstractTestPage.<init>(AbstractTestPage.java:84)
	at com.qmetry.qaf.automation.ui.AbstractTestPage.<init>(AbstractTestPage.java:91)
	at com.qmetry.qaf.automation.ui.WebDriverBaseTestPage.<init>(WebDriverBaseTestPage.java:67)
	at com.qmetry.qaf.automation.ui.WebDriverBaseTestPage.<init>(WebDriverBaseTestPage.java:63)
	at com.quantum.steps.NFlowsStepDef.<init>(NFlowsStepDef.java:45)
	at com.qmetry.qaf.automation.step.JavaStep.createInstance(JavaStep.java:314)
	at com.qmetry.qaf.automation.step.JavaStep.getClassInstance(JavaStep.java:279)
	at com.qmetry.qaf.automation.step.JavaStep.getStepProvider(JavaStep.java:180)
	at com.qmetry.qaf.automation.step.JavaStep.doExecute(JavaStep.java:147)
	at com.qmetry.qaf.automation.step.BaseTestStep.execute(BaseTestStep.java:149)
	at com.qmetry.qaf.automation.step.StringTestStep.execute(StringTestStep.java:134)
	at com.qmetry.qaf.automation.step.client.Scenario.execute(Scenario.java:180)
	at com.qmetry.qaf.automation.step.client.DataDrivenScenario.scenario(DataDrivenScenario.java:69)
Caused by: org.openqa.selenium.WebDriverException: Unable to create driver instance in 1st attempt with retry timeout of 60 seconds. You can check/set value of 'driver.init.retry.timeout' appropriately to set retry timeout on driver initialization failure.
Build info: version: '3.141.59', revision: 'e82be7d358', time: '2018-11-14T08:17:03'
System info: host: 'STRINLP030', ip: '10.0.0.23', os.name: 'Windows 10', os.arch: 'amd64', os.version: '10.0', java.version: '1.8.0_66'
Driver info: driver.version: unknown
	at com.qmetry.qaf.automation.core.QAFTestBase$DriverInitExpectedCondition.apply(QAFTestBase.java:568)
	at com.qmetry.qaf.automation.core.QAFTestBase$DriverInitExpectedCondition.apply(QAFTestBase.java:1)
	at com.qmetry.qaf.automation.ui.util.DynamicWait.until(DynamicWait.java:149)
	at com.qmetry.qaf.automation.core.QAFTestBase.init(QAFTestBase.java:474)
	at com.qmetry.qaf.automation.core.QAFTestBase.getUiDriver(QAFTestBase.java:254)
	at com.qmetry.qaf.automation.ui.WebDriverTestBase.getDriver(WebDriverTestBase.java:47)
	at com.qmetry.qaf.automation.ui.WebDriverTestBase.getDriver(WebDriverTestBase.java:1)
	at com.qmetry.qaf.automation.ui.AbstractTestPage.<init>(AbstractTestPage.java:84)
	at com.qmetry.qaf.automation.ui.AbstractTestPage.<init>(AbstractTestPage.java:91)
	at com.qmetry.qaf.automation.ui.WebDriverBaseTestPage.<init>(WebDriverBaseTestPage.java:67)
	at com.qmetry.qaf.automation.ui.WebDriverBaseTestPage.<init>(WebDriverBaseTestPage.java:63)
	at com.quantum.steps.NFlowsStepDef.<init>(NFlowsStepDef.java:45)
	at com.qmetry.qaf.automation.step.JavaStep.createInstance(JavaStep.java:314)
	at com.qmetry.qaf.automation.step.JavaStep.getClassInstance(JavaStep.java:279)
	at com.qmetry.qaf.automation.step.JavaStep.getStepProvider(JavaStep.java:180)
	at com.qmetry.qaf.automation.step.JavaStep.doExecute(JavaStep.java:147)
	at com.qmetry.qaf.automation.step.BaseTestStep.execute(BaseTestStep.java:149)
	at com.qmetry.qaf.automation.step.StringTestStep.execute(StringTestStep.java:134)
	at com.qmetry.qaf.automation.step.client.Scenario.execute(Scenario.java:180)
	at com.qmetry.qaf.automation.step.client.DataDrivenScenario.scenario(DataDrivenScenario.java:69)
Caused by: java.lang.ClassNotFoundException: com.thoughtworks.selenium.CommandProcessor
	at java.net.URLClassLoader.findClass(Unknown Source)
	at java.lang.ClassLoader.loadClass(Unknown Source)
	at sun.misc.Launcher$AppClassLoader.loadClass(Unknown Source)
	at java.lang.ClassLoader.loadClass(Unknown Source)
	at com.qmetry.qaf.automation.ui.UiDriverFactory.get(UiDriverFactory.java:92)
	at com.qmetry.qaf.automation.core.QAFTestBase$DriverInitExpectedCondition.apply(QAFTestBase.java:564)
	... 48 more
... Removed 29 stack frames]]>
    </failure>
  </testcase> <!-- To submit the respective task -->
  <testcase name="To submit the respective task" time="0.035" classname="com.qmetry.qaf.automation.step.client.DataDrivenScenario">
    <failure type="org.openqa.selenium.TimeoutException" message="Timed out after 0 seconds: Unable to create driver instance in 1st attempt with retry timeout of 60 seconds. You can check/set value of &amp;apos;driver.init.retry.timeout&amp;apos; appropriately to set retry timeout on driver initialization failure.">
      <![CDATA[org.openqa.selenium.TimeoutException: Timed out after 0 seconds: Unable to create driver instance in 1st attempt with retry timeout of 60 seconds. You can check/set value of 'driver.init.retry.timeout' appropriately to set retry timeout on driver initialization failure.
	at .Given I check whether current task belongs to same user with "${username}" and "${password}" credentials(src/main/resources/scenarios/Workflow.feature:44)
	at com.qmetry.qaf.automation.ui.util.DynamicWait.until(DynamicWait.java:170)
	at com.qmetry.qaf.automation.core.QAFTestBase.init(QAFTestBase.java:474)
	at com.qmetry.qaf.automation.core.QAFTestBase.getUiDriver(QAFTestBase.java:254)
	at com.qmetry.qaf.automation.ui.WebDriverTestBase.getDriver(WebDriverTestBase.java:47)
	at com.qmetry.qaf.automation.ui.WebDriverTestBase.getDriver(WebDriverTestBase.java:1)
	at com.qmetry.qaf.automation.ui.AbstractTestPage.<init>(AbstractTestPage.java:84)
	at com.qmetry.qaf.automation.ui.AbstractTestPage.<init>(AbstractTestPage.java:91)
	at com.qmetry.qaf.automation.ui.WebDriverBaseTestPage.<init>(WebDriverBaseTestPage.java:67)
	at com.qmetry.qaf.automation.ui.WebDriverBaseTestPage.<init>(WebDriverBaseTestPage.java:63)
	at com.quantum.steps.NFlowsStepDef.<init>(NFlowsStepDef.java:45)
	at com.qmetry.qaf.automation.step.JavaStep.createInstance(JavaStep.java:314)
	at com.qmetry.qaf.automation.step.JavaStep.getClassInstance(JavaStep.java:279)
	at com.qmetry.qaf.automation.step.JavaStep.getStepProvider(JavaStep.java:180)
	at com.qmetry.qaf.automation.step.JavaStep.doExecute(JavaStep.java:147)
	at com.qmetry.qaf.automation.step.BaseTestStep.execute(BaseTestStep.java:149)
	at com.qmetry.qaf.automation.step.StringTestStep.execute(StringTestStep.java:134)
	at com.qmetry.qaf.automation.step.client.Scenario.execute(Scenario.java:180)
	at com.qmetry.qaf.automation.step.client.DataDrivenScenario.scenario(DataDrivenScenario.java:69)
Caused by: org.openqa.selenium.WebDriverException: Unable to create driver instance in 1st attempt with retry timeout of 60 seconds. You can check/set value of 'driver.init.retry.timeout' appropriately to set retry timeout on driver initialization failure.
Build info: version: '3.141.59', revision: 'e82be7d358', time: '2018-11-14T08:17:03'
System info: host: 'STRINLP030', ip: '10.0.0.23', os.name: 'Windows 10', os.arch: 'amd64', os.version: '10.0', java.version: '1.8.0_66'
Driver info: driver.version: unknown
	at com.qmetry.qaf.automation.core.QAFTestBase$DriverInitExpectedCondition.apply(QAFTestBase.java:568)
	at com.qmetry.qaf.automation.core.QAFTestBase$DriverInitExpectedCondition.apply(QAFTestBase.java:1)
	at com.qmetry.qaf.automation.ui.util.DynamicWait.until(DynamicWait.java:149)
	at com.qmetry.qaf.automation.core.QAFTestBase.init(QAFTestBase.java:474)
	at com.qmetry.qaf.automation.core.QAFTestBase.getUiDriver(QAFTestBase.java:254)
	at com.qmetry.qaf.automation.ui.WebDriverTestBase.getDriver(WebDriverTestBase.java:47)
	at com.qmetry.qaf.automation.ui.WebDriverTestBase.getDriver(WebDriverTestBase.java:1)
	at com.qmetry.qaf.automation.ui.AbstractTestPage.<init>(AbstractTestPage.java:84)
	at com.qmetry.qaf.automation.ui.AbstractTestPage.<init>(AbstractTestPage.java:91)
	at com.qmetry.qaf.automation.ui.WebDriverBaseTestPage.<init>(WebDriverBaseTestPage.java:67)
	at com.qmetry.qaf.automation.ui.WebDriverBaseTestPage.<init>(WebDriverBaseTestPage.java:63)
	at com.quantum.steps.NFlowsStepDef.<init>(NFlowsStepDef.java:45)
	at com.qmetry.qaf.automation.step.JavaStep.createInstance(JavaStep.java:314)
	at com.qmetry.qaf.automation.step.JavaStep.getClassInstance(JavaStep.java:279)
	at com.qmetry.qaf.automation.step.JavaStep.getStepProvider(JavaStep.java:180)
	at com.qmetry.qaf.automation.step.JavaStep.doExecute(JavaStep.java:147)
	at com.qmetry.qaf.automation.step.BaseTestStep.execute(BaseTestStep.java:149)
	at com.qmetry.qaf.automation.step.StringTestStep.execute(StringTestStep.java:134)
	at com.qmetry.qaf.automation.step.client.Scenario.execute(Scenario.java:180)
	at com.qmetry.qaf.automation.step.client.DataDrivenScenario.scenario(DataDrivenScenario.java:69)
Caused by: java.lang.ClassNotFoundException: com.thoughtworks.selenium.CommandProcessor
	at java.net.URLClassLoader.findClass(Unknown Source)
	at java.lang.ClassLoader.loadClass(Unknown Source)
	at sun.misc.Launcher$AppClassLoader.loadClass(Unknown Source)
	at java.lang.ClassLoader.loadClass(Unknown Source)
	at com.qmetry.qaf.automation.ui.UiDriverFactory.get(UiDriverFactory.java:92)
	at com.qmetry.qaf.automation.core.QAFTestBase$DriverInitExpectedCondition.apply(QAFTestBase.java:564)
	... 48 more
... Removed 29 stack frames]]>
    </failure>
  </testcase> <!-- To submit the respective task -->
  <testcase name="To submit the respective task" time="0.052" classname="com.qmetry.qaf.automation.step.client.DataDrivenScenario">
    <failure type="org.openqa.selenium.TimeoutException" message="Timed out after 0 seconds: Unable to create driver instance in 1st attempt with retry timeout of 60 seconds. You can check/set value of &amp;apos;driver.init.retry.timeout&amp;apos; appropriately to set retry timeout on driver initialization failure.">
      <![CDATA[org.openqa.selenium.TimeoutException: Timed out after 0 seconds: Unable to create driver instance in 1st attempt with retry timeout of 60 seconds. You can check/set value of 'driver.init.retry.timeout' appropriately to set retry timeout on driver initialization failure.
	at .Given I check whether current task belongs to same user with "${username}" and "${password}" credentials(src/main/resources/scenarios/Workflow.feature:44)
	at com.qmetry.qaf.automation.ui.util.DynamicWait.until(DynamicWait.java:170)
	at com.qmetry.qaf.automation.core.QAFTestBase.init(QAFTestBase.java:474)
	at com.qmetry.qaf.automation.core.QAFTestBase.getUiDriver(QAFTestBase.java:254)
	at com.qmetry.qaf.automation.ui.WebDriverTestBase.getDriver(WebDriverTestBase.java:47)
	at com.qmetry.qaf.automation.ui.WebDriverTestBase.getDriver(WebDriverTestBase.java:1)
	at com.qmetry.qaf.automation.ui.AbstractTestPage.<init>(AbstractTestPage.java:84)
	at com.qmetry.qaf.automation.ui.AbstractTestPage.<init>(AbstractTestPage.java:91)
	at com.qmetry.qaf.automation.ui.WebDriverBaseTestPage.<init>(WebDriverBaseTestPage.java:67)
	at com.qmetry.qaf.automation.ui.WebDriverBaseTestPage.<init>(WebDriverBaseTestPage.java:63)
	at com.quantum.steps.NFlowsStepDef.<init>(NFlowsStepDef.java:45)
	at com.qmetry.qaf.automation.step.JavaStep.createInstance(JavaStep.java:314)
	at com.qmetry.qaf.automation.step.JavaStep.getClassInstance(JavaStep.java:279)
	at com.qmetry.qaf.automation.step.JavaStep.getStepProvider(JavaStep.java:180)
	at com.qmetry.qaf.automation.step.JavaStep.doExecute(JavaStep.java:147)
	at com.qmetry.qaf.automation.step.BaseTestStep.execute(BaseTestStep.java:149)
	at com.qmetry.qaf.automation.step.StringTestStep.execute(StringTestStep.java:134)
	at com.qmetry.qaf.automation.step.client.Scenario.execute(Scenario.java:180)
	at com.qmetry.qaf.automation.step.client.DataDrivenScenario.scenario(DataDrivenScenario.java:69)
Caused by: org.openqa.selenium.WebDriverException: Unable to create driver instance in 1st attempt with retry timeout of 60 seconds. You can check/set value of 'driver.init.retry.timeout' appropriately to set retry timeout on driver initialization failure.
Build info: version: '3.141.59', revision: 'e82be7d358', time: '2018-11-14T08:17:03'
System info: host: 'STRINLP030', ip: '10.0.0.23', os.name: 'Windows 10', os.arch: 'amd64', os.version: '10.0', java.version: '1.8.0_66'
Driver info: driver.version: unknown
	at com.qmetry.qaf.automation.core.QAFTestBase$DriverInitExpectedCondition.apply(QAFTestBase.java:568)
	at com.qmetry.qaf.automation.core.QAFTestBase$DriverInitExpectedCondition.apply(QAFTestBase.java:1)
	at com.qmetry.qaf.automation.ui.util.DynamicWait.until(DynamicWait.java:149)
	at com.qmetry.qaf.automation.core.QAFTestBase.init(QAFTestBase.java:474)
	at com.qmetry.qaf.automation.core.QAFTestBase.getUiDriver(QAFTestBase.java:254)
	at com.qmetry.qaf.automation.ui.WebDriverTestBase.getDriver(WebDriverTestBase.java:47)
	at com.qmetry.qaf.automation.ui.WebDriverTestBase.getDriver(WebDriverTestBase.java:1)
	at com.qmetry.qaf.automation.ui.AbstractTestPage.<init>(AbstractTestPage.java:84)
	at com.qmetry.qaf.automation.ui.AbstractTestPage.<init>(AbstractTestPage.java:91)
	at com.qmetry.qaf.automation.ui.WebDriverBaseTestPage.<init>(WebDriverBaseTestPage.java:67)
	at com.qmetry.qaf.automation.ui.WebDriverBaseTestPage.<init>(WebDriverBaseTestPage.java:63)
	at com.quantum.steps.NFlowsStepDef.<init>(NFlowsStepDef.java:45)
	at com.qmetry.qaf.automation.step.JavaStep.createInstance(JavaStep.java:314)
	at com.qmetry.qaf.automation.step.JavaStep.getClassInstance(JavaStep.java:279)
	at com.qmetry.qaf.automation.step.JavaStep.getStepProvider(JavaStep.java:180)
	at com.qmetry.qaf.automation.step.JavaStep.doExecute(JavaStep.java:147)
	at com.qmetry.qaf.automation.step.BaseTestStep.execute(BaseTestStep.java:149)
	at com.qmetry.qaf.automation.step.StringTestStep.execute(StringTestStep.java:134)
	at com.qmetry.qaf.automation.step.client.Scenario.execute(Scenario.java:180)
	at com.qmetry.qaf.automation.step.client.DataDrivenScenario.scenario(DataDrivenScenario.java:69)
Caused by: java.lang.ClassNotFoundException: com.thoughtworks.selenium.CommandProcessor
	at java.net.URLClassLoader.findClass(Unknown Source)
	at java.lang.ClassLoader.loadClass(Unknown Source)
	at sun.misc.Launcher$AppClassLoader.loadClass(Unknown Source)
	at java.lang.ClassLoader.loadClass(Unknown Source)
	at com.qmetry.qaf.automation.ui.UiDriverFactory.get(UiDriverFactory.java:92)
	at com.qmetry.qaf.automation.core.QAFTestBase$DriverInitExpectedCondition.apply(QAFTestBase.java:564)
	... 48 more
... Removed 29 stack frames]]>
    </failure>
  </testcase> <!-- To submit the respective task -->
  <testcase name="To submit the respective task" time="0.033" classname="com.qmetry.qaf.automation.step.client.DataDrivenScenario">
    <failure type="org.openqa.selenium.TimeoutException" message="Timed out after 0 seconds: Unable to create driver instance in 1st attempt with retry timeout of 60 seconds. You can check/set value of &amp;apos;driver.init.retry.timeout&amp;apos; appropriately to set retry timeout on driver initialization failure.">
      <![CDATA[org.openqa.selenium.TimeoutException: Timed out after 0 seconds: Unable to create driver instance in 1st attempt with retry timeout of 60 seconds. You can check/set value of 'driver.init.retry.timeout' appropriately to set retry timeout on driver initialization failure.
	at .Given I check whether current task belongs to same user with "${username}" and "${password}" credentials(src/main/resources/scenarios/Workflow.feature:44)
	at com.qmetry.qaf.automation.ui.util.DynamicWait.until(DynamicWait.java:170)
	at com.qmetry.qaf.automation.core.QAFTestBase.init(QAFTestBase.java:474)
	at com.qmetry.qaf.automation.core.QAFTestBase.getUiDriver(QAFTestBase.java:254)
	at com.qmetry.qaf.automation.ui.WebDriverTestBase.getDriver(WebDriverTestBase.java:47)
	at com.qmetry.qaf.automation.ui.WebDriverTestBase.getDriver(WebDriverTestBase.java:1)
	at com.qmetry.qaf.automation.ui.AbstractTestPage.<init>(AbstractTestPage.java:84)
	at com.qmetry.qaf.automation.ui.AbstractTestPage.<init>(AbstractTestPage.java:91)
	at com.qmetry.qaf.automation.ui.WebDriverBaseTestPage.<init>(WebDriverBaseTestPage.java:67)
	at com.qmetry.qaf.automation.ui.WebDriverBaseTestPage.<init>(WebDriverBaseTestPage.java:63)
	at com.quantum.steps.NFlowsStepDef.<init>(NFlowsStepDef.java:45)
	at com.qmetry.qaf.automation.step.JavaStep.createInstance(JavaStep.java:314)
	at com.qmetry.qaf.automation.step.JavaStep.getClassInstance(JavaStep.java:279)
	at com.qmetry.qaf.automation.step.JavaStep.getStepProvider(JavaStep.java:180)
	at com.qmetry.qaf.automation.step.JavaStep.doExecute(JavaStep.java:147)
	at com.qmetry.qaf.automation.step.BaseTestStep.execute(BaseTestStep.java:149)
	at com.qmetry.qaf.automation.step.StringTestStep.execute(StringTestStep.java:134)
	at com.qmetry.qaf.automation.step.client.Scenario.execute(Scenario.java:180)
	at com.qmetry.qaf.automation.step.client.DataDrivenScenario.scenario(DataDrivenScenario.java:69)
Caused by: org.openqa.selenium.WebDriverException: Unable to create driver instance in 1st attempt with retry timeout of 60 seconds. You can check/set value of 'driver.init.retry.timeout' appropriately to set retry timeout on driver initialization failure.
Build info: version: '3.141.59', revision: 'e82be7d358', time: '2018-11-14T08:17:03'
System info: host: 'STRINLP030', ip: '10.0.0.23', os.name: 'Windows 10', os.arch: 'amd64', os.version: '10.0', java.version: '1.8.0_66'
Driver info: driver.version: unknown
	at com.qmetry.qaf.automation.core.QAFTestBase$DriverInitExpectedCondition.apply(QAFTestBase.java:568)
	at com.qmetry.qaf.automation.core.QAFTestBase$DriverInitExpectedCondition.apply(QAFTestBase.java:1)
	at com.qmetry.qaf.automation.ui.util.DynamicWait.until(DynamicWait.java:149)
	at com.qmetry.qaf.automation.core.QAFTestBase.init(QAFTestBase.java:474)
	at com.qmetry.qaf.automation.core.QAFTestBase.getUiDriver(QAFTestBase.java:254)
	at com.qmetry.qaf.automation.ui.WebDriverTestBase.getDriver(WebDriverTestBase.java:47)
	at com.qmetry.qaf.automation.ui.WebDriverTestBase.getDriver(WebDriverTestBase.java:1)
	at com.qmetry.qaf.automation.ui.AbstractTestPage.<init>(AbstractTestPage.java:84)
	at com.qmetry.qaf.automation.ui.AbstractTestPage.<init>(AbstractTestPage.java:91)
	at com.qmetry.qaf.automation.ui.WebDriverBaseTestPage.<init>(WebDriverBaseTestPage.java:67)
	at com.qmetry.qaf.automation.ui.WebDriverBaseTestPage.<init>(WebDriverBaseTestPage.java:63)
	at com.quantum.steps.NFlowsStepDef.<init>(NFlowsStepDef.java:45)
	at com.qmetry.qaf.automation.step.JavaStep.createInstance(JavaStep.java:314)
	at com.qmetry.qaf.automation.step.JavaStep.getClassInstance(JavaStep.java:279)
	at com.qmetry.qaf.automation.step.JavaStep.getStepProvider(JavaStep.java:180)
	at com.qmetry.qaf.automation.step.JavaStep.doExecute(JavaStep.java:147)
	at com.qmetry.qaf.automation.step.BaseTestStep.execute(BaseTestStep.java:149)
	at com.qmetry.qaf.automation.step.StringTestStep.execute(StringTestStep.java:134)
	at com.qmetry.qaf.automation.step.client.Scenario.execute(Scenario.java:180)
	at com.qmetry.qaf.automation.step.client.DataDrivenScenario.scenario(DataDrivenScenario.java:69)
Caused by: java.lang.ClassNotFoundException: com.thoughtworks.selenium.CommandProcessor
	at java.net.URLClassLoader.findClass(Unknown Source)
	at java.lang.ClassLoader.loadClass(Unknown Source)
	at sun.misc.Launcher$AppClassLoader.loadClass(Unknown Source)
	at java.lang.ClassLoader.loadClass(Unknown Source)
	at com.qmetry.qaf.automation.ui.UiDriverFactory.get(UiDriverFactory.java:92)
	at com.qmetry.qaf.automation.core.QAFTestBase$DriverInitExpectedCondition.apply(QAFTestBase.java:564)
	... 48 more
... Removed 29 stack frames]]>
    </failure>
  </testcase> <!-- To submit the respective task -->
  <testcase name="To submit the respective task" time="0.15" classname="com.qmetry.qaf.automation.step.client.DataDrivenScenario">
    <failure type="org.openqa.selenium.TimeoutException" message="Timed out after 0 seconds: Unable to create driver instance in 1st attempt with retry timeout of 60 seconds. You can check/set value of &amp;apos;driver.init.retry.timeout&amp;apos; appropriately to set retry timeout on driver initialization failure.">
      <![CDATA[org.openqa.selenium.TimeoutException: Timed out after 0 seconds: Unable to create driver instance in 1st attempt with retry timeout of 60 seconds. You can check/set value of 'driver.init.retry.timeout' appropriately to set retry timeout on driver initialization failure.
	at .Given I check whether current task belongs to same user with "${username}" and "${password}" credentials(src/main/resources/scenarios/Workflow.feature:44)
	at com.qmetry.qaf.automation.ui.util.DynamicWait.until(DynamicWait.java:170)
	at com.qmetry.qaf.automation.core.QAFTestBase.init(QAFTestBase.java:474)
	at com.qmetry.qaf.automation.core.QAFTestBase.getUiDriver(QAFTestBase.java:254)
	at com.qmetry.qaf.automation.ui.WebDriverTestBase.getDriver(WebDriverTestBase.java:47)
	at com.qmetry.qaf.automation.ui.WebDriverTestBase.getDriver(WebDriverTestBase.java:1)
	at com.qmetry.qaf.automation.ui.AbstractTestPage.<init>(AbstractTestPage.java:84)
	at com.qmetry.qaf.automation.ui.AbstractTestPage.<init>(AbstractTestPage.java:91)
	at com.qmetry.qaf.automation.ui.WebDriverBaseTestPage.<init>(WebDriverBaseTestPage.java:67)
	at com.qmetry.qaf.automation.ui.WebDriverBaseTestPage.<init>(WebDriverBaseTestPage.java:63)
	at com.quantum.steps.NFlowsStepDef.<init>(NFlowsStepDef.java:45)
	at com.qmetry.qaf.automation.step.JavaStep.createInstance(JavaStep.java:314)
	at com.qmetry.qaf.automation.step.JavaStep.getClassInstance(JavaStep.java:279)
	at com.qmetry.qaf.automation.step.JavaStep.getStepProvider(JavaStep.java:180)
	at com.qmetry.qaf.automation.step.JavaStep.doExecute(JavaStep.java:147)
	at com.qmetry.qaf.automation.step.BaseTestStep.execute(BaseTestStep.java:149)
	at com.qmetry.qaf.automation.step.StringTestStep.execute(StringTestStep.java:134)
	at com.qmetry.qaf.automation.step.client.Scenario.execute(Scenario.java:180)
	at com.qmetry.qaf.automation.step.client.DataDrivenScenario.scenario(DataDrivenScenario.java:69)
Caused by: org.openqa.selenium.WebDriverException: Unable to create driver instance in 1st attempt with retry timeout of 60 seconds. You can check/set value of 'driver.init.retry.timeout' appropriately to set retry timeout on driver initialization failure.
Build info: version: '3.141.59', revision: 'e82be7d358', time: '2018-11-14T08:17:03'
System info: host: 'STRINLP030', ip: '10.0.0.23', os.name: 'Windows 10', os.arch: 'amd64', os.version: '10.0', java.version: '1.8.0_66'
Driver info: driver.version: unknown
	at com.qmetry.qaf.automation.core.QAFTestBase$DriverInitExpectedCondition.apply(QAFTestBase.java:568)
	at com.qmetry.qaf.automation.core.QAFTestBase$DriverInitExpectedCondition.apply(QAFTestBase.java:1)
	at com.qmetry.qaf.automation.ui.util.DynamicWait.until(DynamicWait.java:149)
	at com.qmetry.qaf.automation.core.QAFTestBase.init(QAFTestBase.java:474)
	at com.qmetry.qaf.automation.core.QAFTestBase.getUiDriver(QAFTestBase.java:254)
	at com.qmetry.qaf.automation.ui.WebDriverTestBase.getDriver(WebDriverTestBase.java:47)
	at com.qmetry.qaf.automation.ui.WebDriverTestBase.getDriver(WebDriverTestBase.java:1)
	at com.qmetry.qaf.automation.ui.AbstractTestPage.<init>(AbstractTestPage.java:84)
	at com.qmetry.qaf.automation.ui.AbstractTestPage.<init>(AbstractTestPage.java:91)
	at com.qmetry.qaf.automation.ui.WebDriverBaseTestPage.<init>(WebDriverBaseTestPage.java:67)
	at com.qmetry.qaf.automation.ui.WebDriverBaseTestPage.<init>(WebDriverBaseTestPage.java:63)
	at com.quantum.steps.NFlowsStepDef.<init>(NFlowsStepDef.java:45)
	at com.qmetry.qaf.automation.step.JavaStep.createInstance(JavaStep.java:314)
	at com.qmetry.qaf.automation.step.JavaStep.getClassInstance(JavaStep.java:279)
	at com.qmetry.qaf.automation.step.JavaStep.getStepProvider(JavaStep.java:180)
	at com.qmetry.qaf.automation.step.JavaStep.doExecute(JavaStep.java:147)
	at com.qmetry.qaf.automation.step.BaseTestStep.execute(BaseTestStep.java:149)
	at com.qmetry.qaf.automation.step.StringTestStep.execute(StringTestStep.java:134)
	at com.qmetry.qaf.automation.step.client.Scenario.execute(Scenario.java:180)
	at com.qmetry.qaf.automation.step.client.DataDrivenScenario.scenario(DataDrivenScenario.java:69)
Caused by: java.lang.ClassNotFoundException: com.thoughtworks.selenium.CommandProcessor
	at java.net.URLClassLoader.findClass(Unknown Source)
	at java.lang.ClassLoader.loadClass(Unknown Source)
	at sun.misc.Launcher$AppClassLoader.loadClass(Unknown Source)
	at java.lang.ClassLoader.loadClass(Unknown Source)
	at com.qmetry.qaf.automation.ui.UiDriverFactory.get(UiDriverFactory.java:92)
	at com.qmetry.qaf.automation.core.QAFTestBase$DriverInitExpectedCondition.apply(QAFTestBase.java:564)
	... 48 more
... Removed 29 stack frames]]>
    </failure>
  </testcase> <!-- To submit the respective task -->
  <testcase name="To submit the respective task" time="0.027" classname="com.qmetry.qaf.automation.step.client.DataDrivenScenario">
    <failure type="org.openqa.selenium.TimeoutException" message="Timed out after 0 seconds: Unable to create driver instance in 1st attempt with retry timeout of 60 seconds. You can check/set value of &amp;apos;driver.init.retry.timeout&amp;apos; appropriately to set retry timeout on driver initialization failure.">
      <![CDATA[org.openqa.selenium.TimeoutException: Timed out after 0 seconds: Unable to create driver instance in 1st attempt with retry timeout of 60 seconds. You can check/set value of 'driver.init.retry.timeout' appropriately to set retry timeout on driver initialization failure.
	at .Given I check whether current task belongs to same user with "${username}" and "${password}" credentials(src/main/resources/scenarios/Workflow.feature:44)
	at com.qmetry.qaf.automation.ui.util.DynamicWait.until(DynamicWait.java:170)
	at com.qmetry.qaf.automation.core.QAFTestBase.init(QAFTestBase.java:474)
	at com.qmetry.qaf.automation.core.QAFTestBase.getUiDriver(QAFTestBase.java:254)
	at com.qmetry.qaf.automation.ui.WebDriverTestBase.getDriver(WebDriverTestBase.java:47)
	at com.qmetry.qaf.automation.ui.WebDriverTestBase.getDriver(WebDriverTestBase.java:1)
	at com.qmetry.qaf.automation.ui.AbstractTestPage.<init>(AbstractTestPage.java:84)
	at com.qmetry.qaf.automation.ui.AbstractTestPage.<init>(AbstractTestPage.java:91)
	at com.qmetry.qaf.automation.ui.WebDriverBaseTestPage.<init>(WebDriverBaseTestPage.java:67)
	at com.qmetry.qaf.automation.ui.WebDriverBaseTestPage.<init>(WebDriverBaseTestPage.java:63)
	at com.quantum.steps.NFlowsStepDef.<init>(NFlowsStepDef.java:45)
	at com.qmetry.qaf.automation.step.JavaStep.createInstance(JavaStep.java:314)
	at com.qmetry.qaf.automation.step.JavaStep.getClassInstance(JavaStep.java:279)
	at com.qmetry.qaf.automation.step.JavaStep.getStepProvider(JavaStep.java:180)
	at com.qmetry.qaf.automation.step.JavaStep.doExecute(JavaStep.java:147)
	at com.qmetry.qaf.automation.step.BaseTestStep.execute(BaseTestStep.java:149)
	at com.qmetry.qaf.automation.step.StringTestStep.execute(StringTestStep.java:134)
	at com.qmetry.qaf.automation.step.client.Scenario.execute(Scenario.java:180)
	at com.qmetry.qaf.automation.step.client.DataDrivenScenario.scenario(DataDrivenScenario.java:69)
[...]
	at com.quantum.steps.NFlowsStepDef.<init>(NFlowsStepDef.java:45)
	at com.qmetry.qaf.automation.step.JavaStep.createInstance(JavaStep.java:314)
	at com.qmetry.qaf.automation.step.JavaStep.getClassInstance(JavaStep.java:279)
	at com.qmetry.qaf.automation.step.JavaStep.getStepProvider(JavaStep.java:180)
	at com.qmetry.qaf.automation.step.JavaStep.doExecute(JavaStep.java:147)
	at com.qmetry.qaf.automation.step.BaseTestStep.execute(BaseTestStep.java:149)
	at com.qmetry.qaf.automation.step.StringTestStep.execute(StringTestStep.java:134)
	at com.qmetry.qaf.automation.step.client.Scenario.execute(Scenario.java:180)
	at com.qmetry.qaf.automation.step.client.DataDrivenScenario.scenario(DataDrivenScenario.java:69)
Caused by: org.openqa.selenium.WebDriverException: Unable to create driver instance in 1st attempt with retry timeout of 60 seconds. You can check/set value of 'driver.init.retry.timeout' appropriately to set retry timeout on driver initialization failure.
Build info: version: '3.141.59', revision: 'e82be7d358', time: '2018-11-14T08:17:03'
System info: host: 'STRINLP030', ip: '10.0.0.23', os.name: 'Windows 10', os.arch: 'amd64', os.version: '10.0', java.version: '1.8.0_66'
Driver info: driver.version: unknown
	at com.qmetry.qaf.automation.core.QAFTestBase$DriverInitExpectedCondition.apply(QAFTestBase.java:568)
	at com.qmetry.qaf.automation.core.QAFTestBase$DriverInitExpectedCondition.apply(QAFTestBase.java:1)
	at com.qmetry.qaf.automation.ui.util.DynamicWait.until(DynamicWait.java:149)
	at com.qmetry.qaf.automation.core.QAFTestBase.init(QAFTestBase.java:474)
	at com.qmetry.qaf.automation.core.QAFTestBase.getUiDriver(QAFTestBase.java:254)
	at com.qmetry.qaf.automation.ui.WebDriverTestBase.getDriver(WebDriverTestBase.java:47)
	at com.qmetry.qaf.automation.ui.WebDriverTestBase.getDriver(WebDriverTestBase.java:1)
	at com.qmetry.qaf.automation.ui.AbstractTestPage.<init>(AbstractTestPage.java:84)
	at com.qmetry.qaf.automation.ui.AbstractTestPage.<init>(AbstractTestPage.java:91)
	at com.qmetry.qaf.automation.ui.WebDriverBaseTestPage.<init>(WebDriverBaseTestPage.java:67)
	at com.qmetry.qaf.automation.ui.WebDriverBaseTestPage.<init>(WebDriverBaseTestPage.java:63)
	at com.quantum.steps.NFlowsStepDef.<init>(NFlowsStepDef.java:45)
	at com.qmetry.qaf.automation.step.JavaStep.createInstance(JavaStep.java:314)
	at com.qmetry.qaf.automation.step.JavaStep.getClassInstance(JavaStep.java:279)
	at com.qmetry.qaf.automation.step.JavaStep.getStepProvider(JavaStep.java:180)
	at com.qmetry.qaf.automation.step.JavaStep.doExecute(JavaStep.java:147)
	at com.qmetry.qaf.automation.step.BaseTestStep.execute(BaseTestStep.java:149)
	at com.qmetry.qaf.automation.step.StringTestStep.execute(StringTestStep.java:134)
	at com.qmetry.qaf.automation.step.client.Scenario.execute(Scenario.java:180)
	at com.qmetry.qaf.automation.step.client.DataDrivenScenario.scenario(DataDrivenScenario.java:69)
Caused by: java.lang.ClassNotFoundException: com.thoughtworks.selenium.CommandProcessor
	at java.net.URLClassLoader.findClass(Unknown Source)
	at java.lang.ClassLoader.loadClass(Unknown Source)
	at sun.misc.Launcher$AppClassLoader.loadClass(Unknown Source)
	at java.lang.ClassLoader.loadClass(Unknown Source)
	at com.qmetry.qaf.automation.ui.UiDriverFactory.get(UiDriverFactory.java:92)
	at com.qmetry.qaf.automation.core.QAFTestBase$DriverInitExpectedCondition.apply(QAFTestBase.java:564)
	... 46 more
... Removed 27 stack frames]]>
    </failure>
  </testcase> <!-- To submit the respective task -->
  <testcase name="Logout of Nflows" time="0.024" classname="com.qmetry.qaf.automation.step.client.DataDrivenScenario">
    <failure type="org.openqa.selenium.TimeoutException" message="Timed out after 0 seconds: Unable to create driver instance in 1st attempt with retry timeout of 60 seconds. You can check/set value of &amp;apos;driver.init.retry.timeout&amp;apos; appropriately to set retry timeout on driver initialization failure.">
      <![CDATA[org.openqa.selenium.TimeoutException: Timed out after 0 seconds: Unable to create driver instance in 1st attempt with retry timeout of 60 seconds. You can check/set value of 'driver.init.retry.timeout' appropriately to set retry timeout on driver initialization failure.
	at .Given I click on Logout Button(src/main/resources/scenarios/Workflow.feature:66)
	at com.qmetry.qaf.automation.ui.util.DynamicWait.until(DynamicWait.java:170)
	at com.qmetry.qaf.automation.core.QAFTestBase.init(QAFTestBase.java:474)
	at com.qmetry.qaf.automation.core.QAFTestBase.getUiDriver(QAFTestBase.java:254)
	at com.qmetry.qaf.automation.ui.WebDriverTestBase.getDriver(WebDriverTestBase.java:47)
	at com.qmetry.qaf.automation.ui.WebDriverTestBase.getDriver(WebDriverTestBase.java:1)
	at com.qmetry.qaf.automation.ui.AbstractTestPage.<init>(AbstractTestPage.java:84)
	at com.qmetry.qaf.automation.ui.AbstractTestPage.<init>(AbstractTestPage.java:91)
	at com.qmetry.qaf.automation.ui.WebDriverBaseTestPage.<init>(WebDriverBaseTestPage.java:67)
	at com.qmetry.qaf.automation.ui.WebDriverBaseTestPage.<init>(WebDriverBaseTestPage.java:63)
	at com.quantum.steps.NFlowsStepDef.<init>(NFlowsStepDef.java:45)
	at com.qmetry.qaf.automation.step.JavaStep.createInstance(JavaStep.java:314)
	at com.qmetry.qaf.automation.step.JavaStep.getClassInstance(JavaStep.java:279)
	at com.qmetry.qaf.automation.step.JavaStep.getStepProvider(JavaStep.java:180)
	at com.qmetry.qaf.automation.step.JavaStep.doExecute(JavaStep.java:147)
	at com.qmetry.qaf.automation.step.BaseTestStep.execute(BaseTestStep.java:149)
	at com.qmetry.qaf.automation.step.StringTestStep.execute(StringTestStep.java:134)
	at com.qmetry.qaf.automation.step.client.Scenario.execute(Scenario.java:180)
	at com.qmetry.qaf.automation.step.client.DataDrivenScenario.scenario(DataDrivenScenario.java:69)
Caused by: org.openqa.selenium.WebDriverException: Unable to create driver instance in 1st attempt with retry timeout of 60 seconds. You can check/set value of 'driver.init.retry.timeout' appropriately to set retry timeout on driver initialization failure.
Build info: version: '3.141.59', revision: 'e82be7d358', time: '2018-11-14T08:17:03'
System info: host: 'STRINLP030', ip: '10.0.0.23', os.name: 'Windows 10', os.arch: 'amd64', os.version: '10.0', java.version: '1.8.0_66'
Driver info: driver.version: unknown
	at com.qmetry.qaf.automation.core.QAFTestBase$DriverInitExpectedCondition.apply(QAFTestBase.java:568)
	at com.qmetry.qaf.automation.core.QAFTestBase$DriverInitExpectedCondition.apply(QAFTestBase.java:1)
	at com.qmetry.qaf.automation.ui.util.DynamicWait.until(DynamicWait.java:149)
	at com.qmetry.qaf.automation.core.QAFTestBase.init(QAFTestBase.java:474)
	at com.qmetry.qaf.automation.core.QAFTestBase.getUiDriver(QAFTestBase.java:254)
	at com.qmetry.qaf.automation.ui.WebDriverTestBase.getDriver(WebDriverTestBase.java:47)
	at com.qmetry.qaf.automation.ui.WebDriverTestBase.getDriver(WebDriverTestBase.java:1)
	at com.qmetry.qaf.automation.ui.AbstractTestPage.<init>(AbstractTestPage.java:84)
	at com.qmetry.qaf.automation.ui.AbstractTestPage.<init>(AbstractTestPage.java:91)
	at com.qmetry.qaf.automation.ui.WebDriverBaseTestPage.<init>(WebDriverBaseTestPage.java:67)
	at com.qmetry.qaf.automation.ui.WebDriverBaseTestPage.<init>(WebDriverBaseTestPage.java:63)
	at com.quantum.steps.NFlowsStepDef.<init>(NFlowsStepDef.java:45)
	at com.qmetry.qaf.automation.step.JavaStep.createInstance(JavaStep.java:314)
	at com.qmetry.qaf.automation.step.JavaStep.getClassInstance(JavaStep.java:279)
	at com.qmetry.qaf.automation.step.JavaStep.getStepProvider(JavaStep.java:180)
	at com.qmetry.qaf.automation.step.JavaStep.doExecute(JavaStep.java:147)
	at com.qmetry.qaf.automation.step.BaseTestStep.execute(BaseTestStep.java:149)
	at com.qmetry.qaf.automation.step.StringTestStep.execute(StringTestStep.java:134)
	at com.qmetry.qaf.automation.step.client.Scenario.execute(Scenario.java:180)
	at com.qmetry.qaf.automation.step.client.DataDrivenScenario.scenario(DataDrivenScenario.java:69)
Caused by: java.lang.ClassNotFoundException: com.thoughtworks.selenium.CommandProcessor
	at java.net.URLClassLoader.findClass(Unknown Source)
	at java.lang.ClassLoader.loadClass(Unknown Source)
	at sun.misc.Launcher$AppClassLoader.loadClass(Unknown Source)
	at java.lang.ClassLoader.loadClass(Unknown Source)
	at com.qmetry.qaf.automation.ui.UiDriverFactory.get(UiDriverFactory.java:92)
	at com.qmetry.qaf.automation.core.QAFTestBase$DriverInitExpectedCondition.apply(QAFTestBase.java:564)
	... 46 more
... Removed 27 stack frames]]>
    </failure>
  </testcase> <!-- Logout of Nflows -->
  <testcase name="To Create Test Result file" time="0.011" classname="com.qmetry.qaf.automation.step.client.DataDrivenScenario">
    <failure type="org.openqa.selenium.TimeoutException" message="Timed out after 0 seconds: Unable to create driver instance in 1st attempt with retry timeout of 60 seconds. You can check/set value of &amp;apos;driver.init.retry.timeout&amp;apos; appropriately to set retry timeout on driver initialization failure.">
      <![CDATA[org.openqa.selenium.TimeoutException: Timed out after 0 seconds: Unable to create driver instance in 1st attempt with retry timeout of 60 seconds. You can check/set value of 'driver.init.retry.timeout' appropriately to set retry timeout on driver initialization failure.
	at .When I create a Test Result file based on "${isExcelReport_enabled}"(src/main/resources/scenarios/Workflow.feature:75)
	at com.qmetry.qaf.automation.ui.util.DynamicWait.until(DynamicWait.java:170)
	at com.qmetry.qaf.automation.core.QAFTestBase.init(QAFTestBase.java:474)
	at com.qmetry.qaf.automation.core.QAFTestBase.getUiDriver(QAFTestBase.java:254)
	at com.qmetry.qaf.automation.ui.WebDriverTestBase.getDriver(WebDriverTestBase.java:47)
	at com.qmetry.qaf.automation.ui.WebDriverTestBase.getDriver(WebDriverTestBase.java:1)
	at com.qmetry.qaf.automation.ui.AbstractTestPage.<init>(AbstractTestPage.java:84)
	at com.qmetry.qaf.automation.ui.AbstractTestPage.<init>(AbstractTestPage.java:91)
	at com.qmetry.qaf.automation.ui.WebDriverBaseTestPage.<init>(WebDriverBaseTestPage.java:67)
	at com.qmetry.qaf.automation.ui.WebDriverBaseTestPage.<init>(WebDriverBaseTestPage.java:63)
	at com.quantum.steps.NFlowsStepDef.<init>(NFlowsStepDef.java:45)
	at com.qmetry.qaf.automation.step.JavaStep.createInstance(JavaStep.java:314)
	at com.qmetry.qaf.automation.step.JavaStep.getClassInstance(JavaStep.java:279)
	at com.qmetry.qaf.automation.step.JavaStep.getStepProvider(JavaStep.java:180)
	at com.qmetry.qaf.automation.step.JavaStep.doExecute(JavaStep.java:147)
	at com.qmetry.qaf.automation.step.BaseTestStep.execute(BaseTestStep.java:149)
	at com.qmetry.qaf.automation.step.StringTestStep.execute(StringTestStep.java:134)
	at com.qmetry.qaf.automation.step.client.Scenario.execute(Scenario.java:180)
	at com.qmetry.qaf.automation.step.client.DataDrivenScenario.scenario(DataDrivenScenario.java:69)
Caused by: org.openqa.selenium.WebDriverException: Unable to create driver instance in 1st attempt with retry timeout of 60 seconds. You can check/set value of 'driver.init.retry.timeout' appropriately to set retry timeout on driver initialization failure.
Build info: version: '3.141.59', revision: 'e82be7d358', time: '2018-11-14T08:17:03'
System info: host: 'STRINLP030', ip: '10.0.0.23', os.name: 'Windows 10', os.arch: 'amd64', os.version: '10.0', java.version: '1.8.0_66'
Driver info: driver.version: unknown
	at com.qmetry.qaf.automation.core.QAFTestBase$DriverInitExpectedCondition.apply(QAFTestBase.java:568)
	at com.qmetry.qaf.automation.core.QAFTestBase$DriverInitExpectedCondition.apply(QAFTestBase.java:1)
	at com.qmetry.qaf.automation.ui.util.DynamicWait.until(DynamicWait.java:149)
	at com.qmetry.qaf.automation.core.QAFTestBase.init(QAFTestBase.java:474)
	at com.qmetry.qaf.automation.core.QAFTestBase.getUiDriver(QAFTestBase.java:254)
	at com.qmetry.qaf.automation.ui.WebDriverTestBase.getDriver(WebDriverTestBase.java:47)
	at com.qmetry.qaf.automation.ui.WebDriverTestBase.getDriver(WebDriverTestBase.java:1)
	at com.qmetry.qaf.automation.ui.AbstractTestPage.<init>(AbstractTestPage.java:84)
	at com.qmetry.qaf.automation.ui.AbstractTestPage.<init>(AbstractTestPage.java:91)
	at com.qmetry.qaf.automation.ui.WebDriverBaseTestPage.<init>(WebDriverBaseTestPage.java:67)
	at com.qmetry.qaf.automation.ui.WebDriverBaseTestPage.<init>(WebDriverBaseTestPage.java:63)
	at com.quantum.steps.NFlowsStepDef.<init>(NFlowsStepDef.java:45)
	at com.qmetry.qaf.automation.step.JavaStep.createInstance(JavaStep.java:314)
	at com.qmetry.qaf.automation.step.JavaStep.getClassInstance(JavaStep.java:279)
	at com.qmetry.qaf.automation.step.JavaStep.getStepProvider(JavaStep.java:180)
	at com.qmetry.qaf.automation.step.JavaStep.doExecute(JavaStep.java:147)
	at com.qmetry.qaf.automation.step.BaseTestStep.execute(BaseTestStep.java:149)
	at com.qmetry.qaf.automation.step.StringTestStep.execute(StringTestStep.java:134)
	at com.qmetry.qaf.automation.step.client.Scenario.execute(Scenario.java:180)
	at com.qmetry.qaf.automation.step.client.DataDrivenScenario.scenario(DataDrivenScenario.java:69)
Caused by: java.lang.ClassNotFoundException: com.thoughtworks.selenium.CommandProcessor
	at java.net.URLClassLoader.findClass(Unknown Source)
	at java.lang.ClassLoader.loadClass(Unknown Source)
	at sun.misc.Launcher$AppClassLoader.loadClass(Unknown Source)
	at java.lang.ClassLoader.loadClass(Unknown Source)
	at com.qmetry.qaf.automation.ui.UiDriverFactory.get(UiDriverFactory.java:92)
	at com.qmetry.qaf.automation.core.QAFTestBase$DriverInitExpectedCondition.apply(QAFTestBase.java:564)
	... 46 more
... Removed 27 stack frames]]>
    </failure>
  </testcase> <!-- To Create Test Result file -->
  <testcase name="To Start PDF Report" time="0.012" classname="com.qmetry.qaf.automation.step.client.DataDrivenScenario">
    <failure type="org.openqa.selenium.TimeoutException" message="Timed out after 0 seconds: Unable to create driver instance in 1st attempt with retry timeout of 60 seconds. You can check/set value of &amp;apos;driver.init.retry.timeout&amp;apos; appropriately to set retry timeout on driver initialization failure.">
      <![CDATA[org.openqa.selenium.TimeoutException: Timed out after 0 seconds: Unable to create driver instance in 1st attempt with retry timeout of 60 seconds. You can check/set value of 'driver.init.retry.timeout' appropriately to set retry timeout on driver initialization failure.
	at .When I create a PDF report based on "${pdfReport_enabled}"(src/main/resources/scenarios/Workflow.feature:83)
	at com.qmetry.qaf.automation.ui.util.DynamicWait.until(DynamicWait.java:170)
	at com.qmetry.qaf.automation.core.QAFTestBase.init(QAFTestBase.java:474)
	at com.qmetry.qaf.automation.core.QAFTestBase.getUiDriver(QAFTestBase.java:254)
	at com.qmetry.qaf.automation.ui.WebDriverTestBase.getDriver(WebDriverTestBase.java:47)
	at com.qmetry.qaf.automation.ui.WebDriverTestBase.getDriver(WebDriverTestBase.java:1)
	at com.qmetry.qaf.automation.ui.AbstractTestPage.<init>(AbstractTestPage.java:84)
	at com.qmetry.qaf.automation.ui.AbstractTestPage.<init>(AbstractTestPage.java:91)
	at com.qmetry.qaf.automation.ui.WebDriverBaseTestPage.<init>(WebDriverBaseTestPage.java:67)
	at com.qmetry.qaf.automation.ui.WebDriverBaseTestPage.<init>(WebDriverBaseTestPage.java:63)
	at com.quantum.steps.NFlowsStepDef.<init>(NFlowsStepDef.java:45)
	at com.qmetry.qaf.automation.step.JavaStep.createInstance(JavaStep.java:314)
	at com.qmetry.qaf.automation.step.JavaStep.getClassInstance(JavaStep.java:279)
	at com.qmetry.qaf.automation.step.JavaStep.getStepProvider(JavaStep.java:180)
	at com.qmetry.qaf.automation.step.JavaStep.doExecute(JavaStep.java:147)
	at com.qmetry.qaf.automation.step.BaseTestStep.execute(BaseTestStep.java:149)
	at com.qmetry.qaf.automation.step.StringTestStep.execute(StringTestStep.java:134)
	at com.qmetry.qaf.automation.step.client.Scenario.execute(Scenario.java:180)
	at com.qmetry.qaf.automation.step.client.DataDrivenScenario.scenario(DataDrivenScenario.java:69)
Caused by: org.openqa.selenium.WebDriverException: Unable to create driver instance in 1st attempt with retry timeout of 60 seconds. You can check/set value of 'driver.init.retry.timeout' appropriately to set retry timeout on driver initialization failure.
Build info: version: '3.141.59', revision: 'e82be7d358', time: '2018-11-14T08:17:03'
System info: host: 'STRINLP030', ip: '10.0.0.23', os.name: 'Windows 10', os.arch: 'amd64', os.version: '10.0', java.version: '1.8.0_66'
Driver info: driver.version: unknown
	at com.qmetry.qaf.automation.core.QAFTestBase$DriverInitExpectedCondition.apply(QAFTestBase.java:568)
	at com.qmetry.qaf.automation.core.QAFTestBase$DriverInitExpectedCondition.apply(QAFTestBase.java:1)
	at com.qmetry.qaf.automation.ui.util.DynamicWait.until(DynamicWait.java:149)
	at com.qmetry.qaf.automation.core.QAFTestBase.init(QAFTestBase.java:474)
	at com.qmetry.qaf.automation.core.QAFTestBase.getUiDriver(QAFTestBase.java:254)
	at com.qmetry.qaf.automation.ui.WebDriverTestBase.getDriver(WebDriverTestBase.java:47)
	at com.qmetry.qaf.automation.ui.WebDriverTestBase.getDriver(WebDriverTestBase.java:1)
	at com.qmetry.qaf.automation.ui.AbstractTestPage.<init>(AbstractTestPage.java:84)
	at com.qmetry.qaf.automation.ui.AbstractTestPage.<init>(AbstractTestPage.java:91)
	at com.qmetry.qaf.automation.ui.WebDriverBaseTestPage.<init>(WebDriverBaseTestPage.java:67)
	at com.qmetry.qaf.automation.ui.WebDriverBaseTestPage.<init>(WebDriverBaseTestPage.java:63)
	at com.quantum.steps.NFlowsStepDef.<init>(NFlowsStepDef.java:45)
	at com.qmetry.qaf.automation.step.JavaStep.createInstance(JavaStep.java:314)
	at com.qmetry.qaf.automation.step.JavaStep.getClassInstance(JavaStep.java:279)
	at com.qmetry.qaf.automation.step.JavaStep.getStepProvider(JavaStep.java:180)
	at com.qmetry.qaf.automation.step.JavaStep.doExecute(JavaStep.java:147)
	at com.qmetry.qaf.automation.step.BaseTestStep.execute(BaseTestStep.java:149)
	at com.qmetry.qaf.automation.step.StringTestStep.execute(StringTestStep.java:134)
	at com.qmetry.qaf.automation.step.client.Scenario.execute(Scenario.java:180)
	at com.qmetry.qaf.automation.step.client.DataDrivenScenario.scenario(DataDrivenScenario.java:69)
Caused by: java.lang.ClassNotFoundException: com.thoughtworks.selenium.CommandProcessor
	at java.net.URLClassLoader.findClass(Unknown Source)
	at java.lang.ClassLoader.loadClass(Unknown Source)
	at sun.misc.Launcher$AppClassLoader.loadClass(Unknown Source)
	at java.lang.ClassLoader.loadClass(Unknown Source)
	at com.qmetry.qaf.automation.ui.UiDriverFactory.get(UiDriverFactory.java:92)
	at com.qmetry.qaf.automation.core.QAFTestBase$DriverInitExpectedCondition.apply(QAFTestBase.java:564)
	... 46 more
... Removed 27 stack frames]]>
    </failure>
  </testcase> <!-- To Start PDF Report -->
  <testcase name="Launching Nflows application" time="0.0" classname="com.qmetry.qaf.automation.step.client.DataDrivenScenario">
    <ignored/>
  </testcase> <!-- Launching Nflows application -->
  <testcase name="Login to Nflows" time="0.0" classname="com.qmetry.qaf.automation.step.client.DataDrivenScenario">
    <ignored/>
  </testcase> <!-- Login to Nflows -->
  <testcase name="To submit the respective task" time="0.0" classname="com.qmetry.qaf.automation.step.client.DataDrivenScenario">
    <ignored/>
  </testcase> <!-- To submit the respective task -->
  <testcase name="Logout of Nflows" time="0.0" classname="com.qmetry.qaf.automation.step.client.DataDrivenScenario">
    <ignored/>
  </testcase> <!-- Logout of Nflows -->
  <testcase name="To Create Test Result file" time="0.0" classname="com.qmetry.qaf.automation.step.client.DataDrivenScenario">
    <ignored/>
  </testcase> <!-- To Create Test Result file -->
  <testcase name="To Start PDF Report" time="0.0" classname="com.qmetry.qaf.automation.step.client.DataDrivenScenario">
    <ignored/>
  </testcase> <!-- To Start PDF Report -->
</testsuite> <!-- Workflow -->
