<?xml version="1.0" encoding="UTF-8"?>
<!-- Generated by org.testng.reporters.JUnitXMLReporter -->
<testsuite hostname="STRINLP030" ignored="2" name="Trac Login" tests="2" failures="0" timestamp="04 Sep 2019 10:28:46 GMT" time="35.372" errors="0">
  <testcase name="Login to Trac" time="25.298" classname="com.qmetry.qaf.automation.step.client.DataDrivenScenario"/>
  <testcase name="Deal Creation" time="9.367" classname="com.qmetry.qaf.automation.step.client.DataDrivenScenario"/>
  <testcase name="Login to Trac" time="0.0" classname="com.qmetry.qaf.automation.step.client.DataDrivenScenario">
    <ignored/>
  </testcase> <!-- Login to Trac -->
  <testcase name="Deal Creation" time="0.0" classname="com.qmetry.qaf.automation.step.client.DataDrivenScenario">
    <ignored/>
  </testcase> <!-- Deal Creation -->
</testsuite> <!-- Trac Login -->
