<?xml version="1.0" encoding="UTF-8"?>
<!-- Generated by org.testng.reporters.JUnitXMLReporter -->
<testsuite hostname="STRINLP030" ignored="2" name="Trac" tests="2" failures="0" timestamp="18 Sep 2019 08:28:52 GMT" time="110.095" errors="0">
  <testcase name="Login to Trac" time="25.389" classname="com.qmetry.qaf.automation.step.client.DataDrivenScenario"/>
  <testcase name="Deal Creation" time="84.069" classname="com.qmetry.qaf.automation.step.client.DataDrivenScenario"/>
  <testcase name="Login to Trac" time="0.0" classname="com.qmetry.qaf.automation.step.client.DataDrivenScenario">
    <ignored/>
  </testcase> <!-- Login to Trac -->
  <testcase name="Deal Creation" time="0.0" classname="com.qmetry.qaf.automation.step.client.DataDrivenScenario">
    <ignored/>
  </testcase> <!-- Deal Creation -->
</testsuite> <!-- Trac -->
