<?xml version="1.0" encoding="UTF-8"?>
<!-- Generated by org.testng.reporters.JUnitXMLReporter -->
<testsuite hostname="STRINLP030" ignored="1" name="Trac Login" tests="1" failures="0" timestamp="04 Sep 2019 10:16:12 GMT" time="37.07" errors="0">
  <testcase name="Login to Trac" time="36.597" classname="com.qmetry.qaf.automation.step.client.DataDrivenScenario"/>
  <testcase name="Login to Trac" time="0.0" classname="com.qmetry.qaf.automation.step.client.DataDrivenScenario">
    <ignored/>
  </testcase> <!-- Login to Trac -->
</testsuite> <!-- Trac Login -->
