<?xml version="1.0" encoding="UTF-8"?>
<!-- Generated by org.testng.reporters.JUnitXMLReporter -->
<testsuite hostname="STRINLP030" ignored="1" name="Trac Deal Creation" tests="1" failures="0" timestamp="04 Sep 2019 10:15:35 GMT" time="0.303" errors="0">
  <testcase name="Deal Creation" time="0.0" classname="com.qmetry.qaf.automation.step.client.DataDrivenScenario">
    <skipped/>
  </testcase> <!-- Deal Creation -->
  <testcase name="Deal Creation" time="0.0" classname="com.qmetry.qaf.automation.step.client.DataDrivenScenario">
    <ignored/>
  </testcase> <!-- Deal Creation -->
</testsuite> <!-- Trac Deal Creation -->
