<?xml version="1.0" encoding="UTF-8"?>
<!-- Generated by org.testng.reporters.JUnitXMLReporter -->
<testsuite hostname="STRINLP030" ignored="1" name="Web Scenarios Android Test" tests="1" failures="0" timestamp="04 Sep 2019 11:04:27 GMT" time="8008.572" errors="0">
  <testcase name="Search Keyword CSV Data" time="8008.266" classname="com.qmetry.qaf.automation.step.client.DataDrivenScenario"/>
  <testcase name="Search Keyword CSV Data" time="0.0" classname="com.qmetry.qaf.automation.step.client.DataDrivenScenario">
    <ignored/>
  </testcase> <!-- Search Keyword CSV Data -->
</testsuite> <!-- Web Scenarios Android Test -->
