<?xml version="1.0" encoding="UTF-8"?>
<!-- Generated by org.testng.reporters.JUnitXMLReporter -->
<testsuite hostname="STRINLP030" ignored="6" name="Web Scenarios iOS Test" tests="8" failures="8" timestamp="27 Aug 2019 16:26:40 GMT" time="1.249" errors="0">
  <testcase name="Search Quantum" time="0.367" classname="com.qmetry.qaf.automation.step.client.Scenario">
    <failure type="org.openqa.selenium.TimeoutException" message="Timed out after 0 seconds: Unable to create driver instance in 1st attempt with retry timeout of 60 seconds. You can check/set value of &amp;apos;driver.init.retry.timeout&amp;apos; appropriately to set retry timeout on driver initialization failure.">
      <![CDATA[org.openqa.selenium.TimeoutException: Timed out after 0 seconds: Unable to create driver instance in 1st attempt with retry timeout of 60 seconds. You can check/set value of 'driver.init.retry.timeout' appropriately to set retry timeout on driver initialization failure.
	at .Given I am on Google Search Page(src/main/resources/scenarios/webSearch.feature:6)
	at com.qmetry.qaf.automation.ui.util.DynamicWait.until(DynamicWait.java:170)
	at com.qmetry.qaf.automation.core.QAFTestBase.init(QAFTestBase.java:474)
	at com.qmetry.qaf.automation.core.QAFTestBase.getUiDriver(QAFTestBase.java:254)
	at com.qmetry.qaf.automation.ui.WebDriverTestBase.getDriver(WebDriverTestBase.java:47)
	at com.quantum.steps.GoogleStepDefs.I_am_on_Google_Search_Page(GoogleStepDefs.java:20)
	at com.qmetry.qaf.automation.step.JavaStep.doExecute(JavaStep.java:153)
	at com.qmetry.qaf.automation.step.BaseTestStep.execute(BaseTestStep.java:149)
	at com.qmetry.qaf.automation.step.StringTestStep.execute(StringTestStep.java:134)
	at com.qmetry.qaf.automation.step.client.Scenario.execute(Scenario.java:180)
	at com.qmetry.qaf.automation.step.client.Scenario.scenario(Scenario.java:232)
	at java.util.concurrent.FutureTask.run(Unknown Source)
	at java.util.concurrent.ThreadPoolExecutor.runWorker(Unknown Source)
	at java.util.concurrent.ThreadPoolExecutor$Worker.run(Unknown Source)
	at java.lang.Thread.run(Unknown Source)
Caused by: org.openqa.selenium.WebDriverException: Unable to create driver instance in 1st attempt with retry timeout of 60 seconds. You can check/set value of 'driver.init.retry.timeout' appropriately to set retry timeout on driver initialization failure.
Build info: version: '3.141.59', revision: 'e82be7d358', time: '2018-11-14T08:17:03'
System info: host: 'STRINLP030', ip: '192.168.1.6', os.name: 'Windows 10', os.arch: 'amd64', os.version: '10.0', java.version: '1.8.0_66'
Driver info: driver.version: unknown
	at com.qmetry.qaf.automation.core.QAFTestBase$DriverInitExpectedCondition.apply(QAFTestBase.java:568)
	at com.qmetry.qaf.automation.core.QAFTestBase$DriverInitExpectedCondition.apply(QAFTestBase.java:1)
	at com.qmetry.qaf.automation.ui.util.DynamicWait.until(DynamicWait.java:149)
	at com.qmetry.qaf.automation.core.QAFTestBase.init(QAFTestBase.java:474)
	at com.qmetry.qaf.automation.core.QAFTestBase.getUiDriver(QAFTestBase.java:254)
	at com.qmetry.qaf.automation.ui.WebDriverTestBase.getDriver(WebDriverTestBase.java:47)
	at com.quantum.steps.GoogleStepDefs.I_am_on_Google_Search_Page(GoogleStepDefs.java:20)
	at com.qmetry.qaf.automation.step.JavaStep.doExecute(JavaStep.java:153)
	at com.qmetry.qaf.automation.step.BaseTestStep.execute(BaseTestStep.java:149)
	at com.qmetry.qaf.automation.step.StringTestStep.execute(StringTestStep.java:134)
	at com.qmetry.qaf.automation.step.client.Scenario.execute(Scenario.java:180)
	at com.qmetry.qaf.automation.step.client.Scenario.scenario(Scenario.java:232)
	... 4 more
Caused by: java.lang.ClassNotFoundException: com.thoughtworks.selenium.CommandProcessor
	at java.net.URLClassLoader.findClass(Unknown Source)
	at java.lang.ClassLoader.loadClass(Unknown Source)
	at sun.misc.Launcher$AppClassLoader.loadClass(Unknown Source)
	at java.lang.ClassLoader.loadClass(Unknown Source)
	at com.qmetry.qaf.automation.ui.UiDriverFactory.get(UiDriverFactory.java:92)
	at com.qmetry.qaf.automation.core.QAFTestBase$DriverInitExpectedCondition.apply(QAFTestBase.java:564)
	... 35 more
... Removed 20 stack frames]]>
    </failure>
  </testcase> <!-- Search Quantum -->
  <testcase name="Search Quantum with results" time="0.055" classname="com.qmetry.qaf.automation.step.client.Scenario">
    <failure type="org.openqa.selenium.TimeoutException" message="Timed out after 0 seconds: Unable to create driver instance in 1st attempt with retry timeout of 60 seconds. You can check/set value of &amp;apos;driver.init.retry.timeout&amp;apos; appropriately to set retry timeout on driver initialization failure.">
      <![CDATA[org.openqa.selenium.TimeoutException: Timed out after 0 seconds: Unable to create driver instance in 1st attempt with retry timeout of 60 seconds. You can check/set value of 'driver.init.retry.timeout' appropriately to set retry timeout on driver initialization failure.
	at .Given I am on Google Search Page(src/main/resources/scenarios/webSearch.feature:13)
	at com.qmetry.qaf.automation.ui.util.DynamicWait.until(DynamicWait.java:170)
	at com.qmetry.qaf.automation.core.QAFTestBase.init(QAFTestBase.java:474)
	at com.qmetry.qaf.automation.core.QAFTestBase.getUiDriver(QAFTestBase.java:254)
	at com.qmetry.qaf.automation.ui.WebDriverTestBase.getDriver(WebDriverTestBase.java:47)
	at com.quantum.steps.GoogleStepDefs.I_am_on_Google_Search_Page(GoogleStepDefs.java:20)
	at com.qmetry.qaf.automation.step.JavaStep.doExecute(JavaStep.java:153)
	at com.qmetry.qaf.automation.step.BaseTestStep.execute(BaseTestStep.java:149)
	at com.qmetry.qaf.automation.step.StringTestStep.execute(StringTestStep.java:134)
	at com.qmetry.qaf.automation.step.client.Scenario.execute(Scenario.java:180)
	at com.qmetry.qaf.automation.step.client.Scenario.scenario(Scenario.java:232)
	at java.util.concurrent.FutureTask.run(Unknown Source)
	at java.util.concurrent.ThreadPoolExecutor.runWorker(Unknown Source)
	at java.util.concurrent.ThreadPoolExecutor$Worker.run(Unknown Source)
	at java.lang.Thread.run(Unknown Source)
Caused by: org.openqa.selenium.WebDriverException: Unable to create driver instance in 1st attempt with retry timeout of 60 seconds. You can check/set value of 'driver.init.retry.timeout' appropriately to set retry timeout on driver initialization failure.
Build info: version: '3.141.59', revision: 'e82be7d358', time: '2018-11-14T08:17:03'
System info: host: 'STRINLP030', ip: '192.168.1.6', os.name: 'Windows 10', os.arch: 'amd64', os.version: '10.0', java.version: '1.8.0_66'
Driver info: driver.version: unknown
	at com.qmetry.qaf.automation.core.QAFTestBase$DriverInitExpectedCondition.apply(QAFTestBase.java:568)
	at com.qmetry.qaf.automation.core.QAFTestBase$DriverInitExpectedCondition.apply(QAFTestBase.java:1)
	at com.qmetry.qaf.automation.ui.util.DynamicWait.until(DynamicWait.java:149)
	at com.qmetry.qaf.automation.core.QAFTestBase.init(QAFTestBase.java:474)
	at com.qmetry.qaf.automation.core.QAFTestBase.getUiDriver(QAFTestBase.java:254)
	at com.qmetry.qaf.automation.ui.WebDriverTestBase.getDriver(WebDriverTestBase.java:47)
	at com.quantum.steps.GoogleStepDefs.I_am_on_Google_Search_Page(GoogleStepDefs.java:20)
	at com.qmetry.qaf.automation.step.JavaStep.doExecute(JavaStep.java:153)
	at com.qmetry.qaf.automation.step.BaseTestStep.execute(BaseTestStep.java:149)
	at com.qmetry.qaf.automation.step.StringTestStep.execute(StringTestStep.java:134)
	at com.qmetry.qaf.automation.step.client.Scenario.execute(Scenario.java:180)
	at com.qmetry.qaf.automation.step.client.Scenario.scenario(Scenario.java:232)
	... 4 more
Caused by: java.lang.ClassNotFoundException: com.thoughtworks.selenium.CommandProcessor
	at java.net.URLClassLoader.findClass(Unknown Source)
	at java.lang.ClassLoader.loadClass(Unknown Source)
	at sun.misc.Launcher$AppClassLoader.loadClass(Unknown Source)
	at java.lang.ClassLoader.loadClass(Unknown Source)
	at com.qmetry.qaf.automation.ui.UiDriverFactory.get(UiDriverFactory.java:92)
	at com.qmetry.qaf.automation.core.QAFTestBase$DriverInitExpectedCondition.apply(QAFTestBase.java:564)
	... 35 more
... Removed 20 stack frames]]>
    </failure>
  </testcase> <!-- Search Quantum with results -->
  <testcase name="Search Keyword Inline Data" time="0.164" classname="com.qmetry.qaf.automation.step.client.DataDrivenScenario">
    <failure type="org.openqa.selenium.TimeoutException" message="Timed out after 0 seconds: Unable to create driver instance in 1st attempt with retry timeout of 60 seconds. You can check/set value of &amp;apos;driver.init.retry.timeout&amp;apos; appropriately to set retry timeout on driver initialization failure.">
      <![CDATA[org.openqa.selenium.TimeoutException: Timed out after 0 seconds: Unable to create driver instance in 1st attempt with retry timeout of 60 seconds. You can check/set value of 'driver.init.retry.timeout' appropriately to set retry timeout on driver initialization failure.
	at .Given I am on Google Search Page(src/main/resources/scenarios/webSearch.feature:21)
	at com.qmetry.qaf.automation.ui.util.DynamicWait.until(DynamicWait.java:170)
	at com.qmetry.qaf.automation.core.QAFTestBase.init(QAFTestBase.java:474)
	at com.qmetry.qaf.automation.core.QAFTestBase.getUiDriver(QAFTestBase.java:254)
	at com.qmetry.qaf.automation.ui.WebDriverTestBase.getDriver(WebDriverTestBase.java:47)
	at com.quantum.steps.GoogleStepDefs.I_am_on_Google_Search_Page(GoogleStepDefs.java:20)
	at com.qmetry.qaf.automation.step.JavaStep.doExecute(JavaStep.java:153)
	at com.qmetry.qaf.automation.step.BaseTestStep.execute(BaseTestStep.java:149)
	at com.qmetry.qaf.automation.step.StringTestStep.execute(StringTestStep.java:134)
	at com.qmetry.qaf.automation.step.client.Scenario.execute(Scenario.java:180)
	at com.qmetry.qaf.automation.step.client.DataDrivenScenario.scenario(DataDrivenScenario.java:69)
	at java.util.concurrent.FutureTask.run(Unknown Source)
	at java.util.concurrent.ThreadPoolExecutor.runWorker(Unknown Source)
	at java.util.concurrent.ThreadPoolExecutor$Worker.run(Unknown Source)
	at java.lang.Thread.run(Unknown Source)
Caused by: org.openqa.selenium.WebDriverException: Unable to create driver instance in 1st attempt with retry timeout of 60 seconds. You can check/set value of 'driver.init.retry.timeout' appropriately to set retry timeout on driver initialization failure.
Build info: version: '3.141.59', revision: 'e82be7d358', time: '2018-11-14T08:17:03'
System info: host: 'STRINLP030', ip: '192.168.1.6', os.name: 'Windows 10', os.arch: 'amd64', os.version: '10.0', java.version: '1.8.0_66'
Driver info: driver.version: unknown
	at com.qmetry.qaf.automation.core.QAFTestBase$DriverInitExpectedCondition.apply(QAFTestBase.java:568)
	at com.qmetry.qaf.automation.core.QAFTestBase$DriverInitExpectedCondition.apply(QAFTestBase.java:1)
	at com.qmetry.qaf.automation.ui.util.DynamicWait.until(DynamicWait.java:149)
	at com.qmetry.qaf.automation.core.QAFTestBase.init(QAFTestBase.java:474)
	at com.qmetry.qaf.automation.core.QAFTestBase.getUiDriver(QAFTestBase.java:254)
	at com.qmetry.qaf.automation.ui.WebDriverTestBase.getDriver(WebDriverTestBase.java:47)
	at com.quantum.steps.GoogleStepDefs.I_am_on_Google_Search_Page(GoogleStepDefs.java:20)
	at com.qmetry.qaf.automation.step.JavaStep.doExecute(JavaStep.java:153)
	at com.qmetry.qaf.automation.step.BaseTestStep.execute(BaseTestStep.java:149)
	at com.qmetry.qaf.automation.step.StringTestStep.execute(StringTestStep.java:134)
	at com.qmetry.qaf.automation.step.client.Scenario.execute(Scenario.java:180)
	at com.qmetry.qaf.automation.step.client.DataDrivenScenario.scenario(DataDrivenScenario.java:69)
	... 4 more
Caused by: java.lang.ClassNotFoundException: com.thoughtworks.selenium.CommandProcessor
	at java.net.URLClassLoader.findClass(Unknown Source)
	at java.lang.ClassLoader.loadClass(Unknown Source)
	at sun.misc.Launcher$AppClassLoader.loadClass(Unknown Source)
	at java.lang.ClassLoader.loadClass(Unknown Source)
	at com.qmetry.qaf.automation.ui.UiDriverFactory.get(UiDriverFactory.java:92)
	at com.qmetry.qaf.automation.core.QAFTestBase$DriverInitExpectedCondition.apply(QAFTestBase.java:564)
	... 35 more
... Removed 20 stack frames]]>
    </failure>
  </testcase> <!-- Search Keyword Inline Data -->
  <testcase name="Search Keyword Inline Data" time="0.027" classname="com.qmetry.qaf.automation.step.client.DataDrivenScenario">
    <failure type="org.openqa.selenium.TimeoutException" message="Timed out after 0 seconds: Unable to create driver instance in 1st attempt with retry timeout of 60 seconds. You can check/set value of &amp;apos;driver.init.retry.timeout&amp;apos; appropriately to set retry timeout on driver initialization failure.">
      <![CDATA[org.openqa.selenium.TimeoutException: Timed out after 0 seconds: Unable to create driver instance in 1st attempt with retry timeout of 60 seconds. You can check/set value of 'driver.init.retry.timeout' appropriately to set retry timeout on driver initialization failure.
	at .Given I am on Google Search Page(src/main/resources/scenarios/webSearch.feature:21)
	at com.qmetry.qaf.automation.ui.util.DynamicWait.until(DynamicWait.java:170)
	at com.qmetry.qaf.automation.core.QAFTestBase.init(QAFTestBase.java:474)
	at com.qmetry.qaf.automation.core.QAFTestBase.getUiDriver(QAFTestBase.java:254)
	at com.qmetry.qaf.automation.ui.WebDriverTestBase.getDriver(WebDriverTestBase.java:47)
	at com.quantum.steps.GoogleStepDefs.I_am_on_Google_Search_Page(GoogleStepDefs.java:20)
	at com.qmetry.qaf.automation.step.JavaStep.doExecute(JavaStep.java:153)
	at com.qmetry.qaf.automation.step.BaseTestStep.execute(BaseTestStep.java:149)
	at com.qmetry.qaf.automation.step.StringTestStep.execute(StringTestStep.java:134)
	at com.qmetry.qaf.automation.step.client.Scenario.execute(Scenario.java:180)
	at com.qmetry.qaf.automation.step.client.DataDrivenScenario.scenario(DataDrivenScenario.java:69)
	at java.util.concurrent.FutureTask.run(Unknown Source)
	at java.util.concurrent.ThreadPoolExecutor.runWorker(Unknown Source)
	at java.util.concurrent.ThreadPoolExecutor$Worker.run(Unknown Source)
	at java.lang.Thread.run(Unknown Source)
Caused by: org.openqa.selenium.WebDriverException: Unable to create driver instance in 1st attempt with retry timeout of 60 seconds. You can check/set value of 'driver.init.retry.timeout' appropriately to set retry timeout on driver initialization failure.
Build info: version: '3.141.59', revision: 'e82be7d358', time: '2018-11-14T08:17:03'
System info: host: 'STRINLP030', ip: '192.168.1.6', os.name: 'Windows 10', os.arch: 'amd64', os.version: '10.0', java.version: '1.8.0_66'
Driver info: driver.version: unknown
	at com.qmetry.qaf.automation.core.QAFTestBase$DriverInitExpectedCondition.apply(QAFTestBase.java:568)
	at com.qmetry.qaf.automation.core.QAFTestBase$DriverInitExpectedCondition.apply(QAFTestBase.java:1)
	at com.qmetry.qaf.automation.ui.util.DynamicWait.until(DynamicWait.java:149)
	at com.qmetry.qaf.automation.core.QAFTestBase.init(QAFTestBase.java:474)
	at com.qmetry.qaf.automation.core.QAFTestBase.getUiDriver(QAFTestBase.java:254)
	at com.qmetry.qaf.automation.ui.WebDriverTestBase.getDriver(WebDriverTestBase.java:47)
	at com.quantum.steps.GoogleStepDefs.I_am_on_Google_Search_Page(GoogleStepDefs.java:20)
	at com.qmetry.qaf.automation.step.JavaStep.doExecute(JavaStep.java:153)
	at com.qmetry.qaf.automation.step.BaseTestStep.execute(BaseTestStep.java:149)
	at com.qmetry.qaf.automation.step.StringTestStep.execute(StringTestStep.java:134)
	at com.qmetry.qaf.automation.step.client.Scenario.execute(Scenario.java:180)
	at com.qmetry.qaf.automation.step.client.DataDrivenScenario.scenario(DataDrivenScenario.java:69)
	... 4 more
Caused by: java.lang.ClassNotFoundException: com.thoughtworks.selenium.CommandProcessor
	at java.net.URLClassLoader.findClass(Unknown Source)
	at java.lang.ClassLoader.loadClass(Unknown Source)
	at sun.misc.Launcher$AppClassLoader.loadClass(Unknown Source)
	at java.lang.ClassLoader.loadClass(Unknown Source)
	at com.qmetry.qaf.automation.ui.UiDriverFactory.get(UiDriverFactory.java:92)
	at com.qmetry.qaf.automation.core.QAFTestBase$DriverInitExpectedCondition.apply(QAFTestBase.java:564)
	... 35 more
... Removed 20 stack frames]]>
    </failure>
  </testcase> <!-- Search Keyword Inline Data -->
  <testcase name="Search Keyword XML Data" time="0.047" classname="com.qmetry.qaf.automation.step.client.DataDrivenScenario">
    <failure type="org.openqa.selenium.TimeoutException" message="Timed out after 0 seconds: Unable to create driver instance in 1st attempt with retry timeout of 60 seconds. You can check/set value of &amp;apos;driver.init.retry.timeout&amp;apos; appropriately to set retry timeout on driver initialization failure.">
      <![CDATA[org.openqa.selenium.TimeoutException: Timed out after 0 seconds: Unable to create driver instance in 1st attempt with retry timeout of 60 seconds. You can check/set value of 'driver.init.retry.timeout' appropriately to set retry timeout on driver initialization failure.
	at .Given I am on Google Search Page(src/main/resources/scenarios/webSearch.feature:32)
	at com.qmetry.qaf.automation.ui.util.DynamicWait.until(DynamicWait.java:170)
	at com.qmetry.qaf.automation.core.QAFTestBase.init(QAFTestBase.java:474)
	at com.qmetry.qaf.automation.core.QAFTestBase.getUiDriver(QAFTestBase.java:254)
	at com.qmetry.qaf.automation.ui.WebDriverTestBase.getDriver(WebDriverTestBase.java:47)
	at com.quantum.steps.GoogleStepDefs.I_am_on_Google_Search_Page(GoogleStepDefs.java:20)
	at com.qmetry.qaf.automation.step.JavaStep.doExecute(JavaStep.java:153)
	at com.qmetry.qaf.automation.step.BaseTestStep.execute(BaseTestStep.java:149)
	at com.qmetry.qaf.automation.step.StringTestStep.execute(StringTestStep.java:134)
	at com.qmetry.qaf.automation.step.client.Scenario.execute(Scenario.java:180)
	at com.qmetry.qaf.automation.step.client.DataDrivenScenario.scenario(DataDrivenScenario.java:69)
	at java.util.concurrent.FutureTask.run(Unknown Source)
	at java.util.concurrent.ThreadPoolExecutor.runWorker(Unknown Source)
	at java.util.concurrent.ThreadPoolExecutor$Worker.run(Unknown Source)
	at java.lang.Thread.run(Unknown Source)
Caused by: org.openqa.selenium.WebDriverException: Unable to create driver instance in 1st attempt with retry timeout of 60 seconds. You can check/set value of 'driver.init.retry.timeout' appropriately to set retry timeout on driver initialization failure.
Build info: version: '3.141.59', revision: 'e82be7d358', time: '2018-11-14T08:17:03'
System info: host: 'STRINLP030', ip: '192.168.1.6', os.name: 'Windows 10', os.arch: 'amd64', os.version: '10.0', java.version: '1.8.0_66'
Driver info: driver.version: unknown
	at com.qmetry.qaf.automation.core.QAFTestBase$DriverInitExpectedCondition.apply(QAFTestBase.java:568)
	at com.qmetry.qaf.automation.core.QAFTestBase$DriverInitExpectedCondition.apply(QAFTestBase.java:1)
	at com.qmetry.qaf.automation.ui.util.DynamicWait.until(DynamicWait.java:149)
	at com.qmetry.qaf.automation.core.QAFTestBase.init(QAFTestBase.java:474)
	at com.qmetry.qaf.automation.core.QAFTestBase.getUiDriver(QAFTestBase.java:254)
	at com.qmetry.qaf.automation.ui.WebDriverTestBase.getDriver(WebDriverTestBase.java:47)
	at com.quantum.steps.GoogleStepDefs.I_am_on_Google_Search_Page(GoogleStepDefs.java:20)
	at com.qmetry.qaf.automation.step.JavaStep.doExecute(JavaStep.java:153)
	at com.qmetry.qaf.automation.step.BaseTestStep.execute(BaseTestStep.java:149)
	at com.qmetry.qaf.automation.step.StringTestStep.execute(StringTestStep.java:134)
	at com.qmetry.qaf.automation.step.client.Scenario.execute(Scenario.java:180)
	at com.qmetry.qaf.automation.step.client.DataDrivenScenario.scenario(DataDrivenScenario.java:69)
	... 4 more
Caused by: java.lang.ClassNotFoundException: com.thoughtworks.selenium.CommandProcessor
	at java.net.URLClassLoader.findClass(Unknown Source)
	at java.lang.ClassLoader.loadClass(Unknown Source)
	at sun.misc.Launcher$AppClassLoader.loadClass(Unknown Source)
	at java.lang.ClassLoader.loadClass(Unknown Source)
	at com.qmetry.qaf.automation.ui.UiDriverFactory.get(UiDriverFactory.java:92)
	at com.qmetry.qaf.automation.core.QAFTestBase$DriverInitExpectedCondition.apply(QAFTestBase.java:564)
	... 35 more
... Removed 20 stack frames]]>
    </failure>
  </testcase> <!-- Search Keyword XML Data -->
  <testcase name="Search Keyword XML Data" time="0.045" classname="com.qmetry.qaf.automation.step.client.DataDrivenScenario">
    <failure type="org.openqa.selenium.TimeoutException" message="Timed out after 0 seconds: Unable to create driver instance in 1st attempt with retry timeout of 60 seconds. You can check/set value of &amp;apos;driver.init.retry.timeout&amp;apos; appropriately to set retry timeout on driver initialization failure.">
      <![CDATA[org.openqa.selenium.TimeoutException: Timed out after 0 seconds: Unable to create driver instance in 1st attempt with retry timeout of 60 seconds. You can check/set value of 'driver.init.retry.timeout' appropriately to set retry timeout on driver initialization failure.
	at .Given I am on Google Search Page(src/main/resources/scenarios/webSearch.feature:32)
	at com.qmetry.qaf.automation.ui.util.DynamicWait.until(DynamicWait.java:170)
	at com.qmetry.qaf.automation.core.QAFTestBase.init(QAFTestBase.java:474)
	at com.qmetry.qaf.automation.core.QAFTestBase.getUiDriver(QAFTestBase.java:254)
	at com.qmetry.qaf.automation.ui.WebDriverTestBase.getDriver(WebDriverTestBase.java:47)
	at com.quantum.steps.GoogleStepDefs.I_am_on_Google_Search_Page(GoogleStepDefs.java:20)
	at com.qmetry.qaf.automation.step.JavaStep.doExecute(JavaStep.java:153)
	at com.qmetry.qaf.automation.step.BaseTestStep.execute(BaseTestStep.java:149)
	at com.qmetry.qaf.automation.step.StringTestStep.execute(StringTestStep.java:134)
	at com.qmetry.qaf.automation.step.client.Scenario.execute(Scenario.java:180)
	at com.qmetry.qaf.automation.step.client.DataDrivenScenario.scenario(DataDrivenScenario.java:69)
	at java.util.concurrent.FutureTask.run(Unknown Source)
	at java.util.concurrent.ThreadPoolExecutor.runWorker(Unknown Source)
	at java.util.concurrent.ThreadPoolExecutor$Worker.run(Unknown Source)
	at java.lang.Thread.run(Unknown Source)
Caused by: org.openqa.selenium.WebDriverException: Unable to create driver instance in 1st attempt with retry timeout of 60 seconds. You can check/set value of 'driver.init.retry.timeout' appropriately to set retry timeout on driver initialization failure.
Build info: version: '3.141.59', revision: 'e82be7d358', time: '2018-11-14T08:17:03'
System info: host: 'STRINLP030', ip: '192.168.1.6', os.name: 'Windows 10', os.arch: 'amd64', os.version: '10.0', java.version: '1.8.0_66'
Driver info: driver.version: unknown
	at com.qmetry.qaf.automation.core.QAFTestBase$DriverInitExpectedCondition.apply(QAFTestBase.java:568)
	at com.qmetry.qaf.automation.core.QAFTestBase$DriverInitExpectedCondition.apply(QAFTestBase.java:1)
	at com.qmetry.qaf.automation.ui.util.DynamicWait.until(DynamicWait.java:149)
	at com.qmetry.qaf.automation.core.QAFTestBase.init(QAFTestBase.java:474)
	at com.qmetry.qaf.automation.core.QAFTestBase.getUiDriver(QAFTestBase.java:254)
	at com.qmetry.qaf.automation.ui.WebDriverTestBase.getDriver(WebDriverTestBase.java:47)
	at com.quantum.steps.GoogleStepDefs.I_am_on_Google_Search_Page(GoogleStepDefs.java:20)
	at com.qmetry.qaf.automation.step.JavaStep.doExecute(JavaStep.java:153)
	at com.qmetry.qaf.automation.step.BaseTestStep.execute(BaseTestStep.java:149)
	at com.qmetry.qaf.automation.step.StringTestStep.execute(StringTestStep.java:134)
	at com.qmetry.qaf.automation.step.client.Scenario.execute(Scenario.java:180)
	at com.qmetry.qaf.automation.step.client.DataDrivenScenario.scenario(DataDrivenScenario.java:69)
	... 4 more
Caused by: java.lang.ClassNotFoundException: com.thoughtworks.selenium.CommandProcessor
	at java.net.URLClassLoader.findClass(Unknown Source)
	at java.lang.ClassLoader.loadClass(Unknown Source)
	at sun.misc.Launcher$AppClassLoader.loadClass(Unknown Source)
	at java.lang.ClassLoader.loadClass(Unknown Source)
	at com.qmetry.qaf.automation.ui.UiDriverFactory.get(UiDriverFactory.java:92)
	at com.qmetry.qaf.automation.core.QAFTestBase$DriverInitExpectedCondition.apply(QAFTestBase.java:564)
	... 35 more
... Removed 20 stack frames]]>
    </failure>
  </testcase> <!-- Search Keyword XML Data -->
  <testcase name="Search Keyword CSV Data" time="0.031" classname="com.qmetry.qaf.automation.step.client.DataDrivenScenario">
    <failure type="org.openqa.selenium.TimeoutException" message="Timed out after 0 seconds: Unable to create driver instance in 1st attempt with retry timeout of 60 seconds. You can check/set value of &amp;apos;driver.init.retry.timeout&amp;apos; appropriately to set retry timeout on driver initialization failure.">
      <![CDATA[org.openqa.selenium.TimeoutException: Timed out after 0 seconds: Unable to create driver instance in 1st attempt with retry timeout of 60 seconds. You can check/set value of 'driver.init.retry.timeout' appropriately to set retry timeout on driver initialization failure.
	at .Given I am on Google Search Page(src/main/resources/scenarios/webSearch.feature:41)
	at com.qmetry.qaf.automation.ui.util.DynamicWait.until(DynamicWait.java:170)
	at com.qmetry.qaf.automation.core.QAFTestBase.init(QAFTestBase.java:474)
	at com.qmetry.qaf.automation.core.QAFTestBase.getUiDriver(QAFTestBase.java:254)
	at com.qmetry.qaf.automation.ui.WebDriverTestBase.getDriver(WebDriverTestBase.java:47)
	at com.quantum.steps.GoogleStepDefs.I_am_on_Google_Search_Page(GoogleStepDefs.java:20)
	at com.qmetry.qaf.automation.step.JavaStep.doExecute(JavaStep.java:153)
	at com.qmetry.qaf.automation.step.BaseTestStep.execute(BaseTestStep.java:149)
	at com.qmetry.qaf.automation.step.StringTestStep.execute(StringTestStep.java:134)
	at com.qmetry.qaf.automation.step.client.Scenario.execute(Scenario.java:180)
	at com.qmetry.qaf.automation.step.client.DataDrivenScenario.scenario(DataDrivenScenario.java:69)
	at java.util.concurrent.FutureTask.run(Unknown Source)
	at java.util.concurrent.ThreadPoolExecutor.runWorker(Unknown Source)
	at java.util.concurrent.ThreadPoolExecutor$Worker.run(Unknown Source)
	at java.lang.Thread.run(Unknown Source)
Caused by: org.openqa.selenium.WebDriverException: Unable to create driver instance in 1st attempt with retry timeout of 60 seconds. You can check/set value of 'driver.init.retry.timeout' appropriately to set retry timeout on driver initialization failure.
Build info: version: '3.141.59', revision: 'e82be7d358', time: '2018-11-14T08:17:03'
System info: host: 'STRINLP030', ip: '192.168.1.6', os.name: 'Windows 10', os.arch: 'amd64', os.version: '10.0', java.version: '1.8.0_66'
Driver info: driver.version: unknown
	at com.qmetry.qaf.automation.core.QAFTestBase$DriverInitExpectedCondition.apply(QAFTestBase.java:568)
	at com.qmetry.qaf.automation.core.QAFTestBase$DriverInitExpectedCondition.apply(QAFTestBase.java:1)
	at com.qmetry.qaf.automation.ui.util.DynamicWait.until(DynamicWait.java:149)
	at com.qmetry.qaf.automation.core.QAFTestBase.init(QAFTestBase.java:474)
	at com.qmetry.qaf.automation.core.QAFTestBase.getUiDriver(QAFTestBase.java:254)
	at com.qmetry.qaf.automation.ui.WebDriverTestBase.getDriver(WebDriverTestBase.java:47)
	at com.quantum.steps.GoogleStepDefs.I_am_on_Google_Search_Page(GoogleStepDefs.java:20)
	at com.qmetry.qaf.automation.step.JavaStep.doExecute(JavaStep.java:153)
	at com.qmetry.qaf.automation.step.BaseTestStep.execute(BaseTestStep.java:149)
	at com.qmetry.qaf.automation.step.StringTestStep.execute(StringTestStep.java:134)
	at com.qmetry.qaf.automation.step.client.Scenario.execute(Scenario.java:180)
	at com.qmetry.qaf.automation.step.client.DataDrivenScenario.scenario(DataDrivenScenario.java:69)
	... 4 more
Caused by: java.lang.ClassNotFoundException: com.thoughtworks.selenium.CommandProcessor
	at java.net.URLClassLoader.findClass(Unknown Source)
	at java.lang.ClassLoader.loadClass(Unknown Source)
	at sun.misc.Launcher$AppClassLoader.loadClass(Unknown Source)
	at java.lang.ClassLoader.loadClass(Unknown Source)
	at com.qmetry.qaf.automation.ui.UiDriverFactory.get(UiDriverFactory.java:92)
	at com.qmetry.qaf.automation.core.QAFTestBase$DriverInitExpectedCondition.apply(QAFTestBase.java:564)
	... 35 more
... Removed 20 stack frames]]>
    </failure>
  </testcase> <!-- Search Keyword CSV Data -->
  <testcase name="Search Keyword CSV Data" time="0.015" classname="com.qmetry.qaf.automation.step.client.DataDrivenScenario">
    <failure type="org.openqa.selenium.TimeoutException" message="Timed out after 0 seconds: Unable to create driver instance in 1st attempt with retry timeout of 60 seconds. You can check/set value of &amp;apos;driver.init.retry.timeout&amp;apos; appropriately to set retry timeout on driver initialization failure.">
      <![CDATA[org.openqa.selenium.TimeoutException: Timed out after 0 seconds: Unable to create driver instance in 1st attempt with retry timeout of 60 seconds. You can check/set value of 'driver.init.retry.timeout' appropriately to set retry timeout on driver initialization failure.
	at .Given I am on Google Search Page(src/main/resources/scenarios/webSearch.feature:41)
	at com.qmetry.qaf.automation.ui.util.DynamicWait.until(DynamicWait.java:170)
	at com.qmetry.qaf.automation.core.QAFTestBase.init(QAFTestBase.java:474)
	at com.qmetry.qaf.automation.core.QAFTestBase.getUiDriver(QAFTestBase.java:254)
	at com.qmetry.qaf.automation.ui.WebDriverTestBase.getDriver(WebDriverTestBase.java:47)
	at com.quantum.steps.GoogleStepDefs.I_am_on_Google_Search_Page(GoogleStepDefs.java:20)
	at com.qmetry.qaf.automation.step.JavaStep.doExecute(JavaStep.java:153)
	at com.qmetry.qaf.automation.step.BaseTestStep.execute(BaseTestStep.java:149)
	at com.qmetry.qaf.automation.step.StringTestStep.execute(StringTestStep.java:134)
	at com.qmetry.qaf.automation.step.client.Scenario.execute(Scenario.java:180)
	at com.qmetry.qaf.automation.step.client.DataDrivenScenario.scenario(DataDrivenScenario.java:69)
	at java.util.concurrent.FutureTask.run(Unknown Source)
	at java.util.concurrent.ThreadPoolExecutor.runWorker(Unknown Source)
	at java.util.concurrent.ThreadPoolExecutor$Worker.run(Unknown Source)
	at java.lang.Thread.run(Unknown Source)
Caused by: org.openqa.selenium.WebDriverException: Unable to create driver instance in 1st attempt with retry timeout of 60 seconds. You can check/set value of 'driver.init.retry.timeout' appropriately to set retry timeout on driver initialization failure.
Build info: version: '3.141.59', revision: 'e82be7d358', time: '2018-11-14T08:17:03'
System info: host: 'STRINLP030', ip: '192.168.1.6', os.name: 'Windows 10', os.arch: 'amd64', os.version: '10.0', java.version: '1.8.0_66'
Driver info: driver.version: unknown
	at com.qmetry.qaf.automation.core.QAFTestBase$DriverInitExpectedCondition.apply(QAFTestBase.java:568)
	at com.qmetry.qaf.automation.core.QAFTestBase$DriverInitExpectedCondition.apply(QAFTestBase.java:1)
	at com.qmetry.qaf.automation.ui.util.DynamicWait.until(DynamicWait.java:149)
	at com.qmetry.qaf.automation.core.QAFTestBase.init(QAFTestBase.java:474)
	at com.qmetry.qaf.automation.core.QAFTestBase.getUiDriver(QAFTestBase.java:254)
	at com.qmetry.qaf.automation.ui.WebDriverTestBase.getDriver(WebDriverTestBase.java:47)
	at com.quantum.steps.GoogleStepDefs.I_am_on_Google_Search_Page(GoogleStepDefs.java:20)
	at com.qmetry.qaf.automation.step.JavaStep.doExecute(JavaStep.java:153)
	at com.qmetry.qaf.automation.step.BaseTestStep.execute(BaseTestStep.java:149)
	at com.qmetry.qaf.automation.step.StringTestStep.execute(StringTestStep.java:134)
	at com.qmetry.qaf.automation.step.client.Scenario.execute(Scenario.java:180)
	at com.qmetry.qaf.automation.step.client.DataDrivenScenario.scenario(DataDrivenScenario.java:69)
	... 4 more
Caused by: java.lang.ClassNotFoundException: com.thoughtworks.selenium.CommandProcessor
	at java.net.URLClassLoader.findClass(Unknown Source)
	at java.lang.ClassLoader.loadClass(Unknown Source)
	at sun.misc.Launcher$AppClassLoader.loadClass(Unknown Source)
	at java.lang.ClassLoader.loadClass(Unknown Source)
	at com.qmetry.qaf.automation.ui.UiDriverFactory.get(UiDriverFactory.java:92)
	at com.qmetry.qaf.automation.core.QAFTestBase$DriverInitExpectedCondition.apply(QAFTestBase.java:564)
	... 35 more
... Removed 20 stack frames]]>
    </failure>
  </testcase> <!-- Search Keyword CSV Data -->
  <testcase name="Search Keyword Inline Data" time="0.0" classname="com.qmetry.qaf.automation.step.client.DataDrivenScenario">
    <ignored/>
  </testcase> <!-- Search Keyword Inline Data -->
  <testcase name="Search Keyword XML Data" time="0.0" classname="com.qmetry.qaf.automation.step.client.DataDrivenScenario">
    <ignored/>
  </testcase> <!-- Search Keyword XML Data -->
  <testcase name="Search Keyword CSV Data" time="0.0" classname="com.qmetry.qaf.automation.step.client.DataDrivenScenario">
    <ignored/>
  </testcase> <!-- Search Keyword CSV Data -->
  <testcase name="@BeforeTest setupTest" time="0.0" classname="com.qmetry.qaf.automation.testng.TestNGTestCase">
    <ignored/>
  </testcase> <!-- @BeforeTest setupTest -->
  <testcase name="@BeforeSuite setupSuit" time="0.0" classname="com.qmetry.qaf.automation.testng.TestNGTestCase">
    <ignored/>
  </testcase> <!-- @BeforeSuite setupSuit -->
  <testcase name="@AfterTest afterTest" time="0.0" classname="com.qmetry.qaf.automation.ui.AbstractTestCase">
    <ignored/>
  </testcase> <!-- @AfterTest afterTest -->
</testsuite> <!-- Web Scenarios iOS Test -->
